epoch,loss,mape,val_loss,val_mape
0,2.2875988483428955,100.45045471191406,2.2043685913085938,99.88841247558594
1,1.609905481338501,83.33905029296875,2.199418544769287,99.77325439453125
2,1.0374583005905151,65.30416107177734,2.1933393478393555,99.63109588623047
3,0.590339183807373,47.09191131591797,2.1856181621551514,99.4499740600586
4,0.2838898301124573,30.253610610961914,2.175814390182495,99.2197036743164
5,0.11528655886650085,18.045541763305664,2.163957118988037,98.9411392211914
6,0.060064855962991714,14.035990715026855,2.151029348373413,98.63782501220703
7,0.08186232298612595,17.884584426879883,2.139378547668457,98.36544036865234
8,0.12616699934005737,23.400678634643555,2.131303310394287,98.17876434326172
9,0.13448679447174072,24.635929107666016,2.127349376678467,98.09107208251953
10,0.07658317685127258,18.473011016845703,2.1262738704681396,98.07276153564453
11,0.0187617726624012,8.809455871582031,2.126955270767212,98.095947265625
12,0.006957914214581251,4.3373613357543945,2.1277103424072266,98.11994934082031
13,0.014574755914509296,6.402922630310059,2.1275525093078613,98.12092590332031
14,0.016787566244602203,6.767515659332275,2.12646222114563,98.09854125976562
15,0.015254936181008816,6.939166069030762,2.1249940395355225,98.0660629272461
16,0.01735018938779831,7.913582801818848,2.1238362789154053,98.04020690917969
17,0.019882719963788986,8.453967094421387,2.123347043991089,98.02965545654297
18,0.018060917034745216,8.012609481811523,2.123487710952759,98.03345489501953
19,0.014852949418127537,7.32583475112915,2.1238889694213867,98.04267120361328
20,0.013290854170918465,6.951874732971191,2.124018430709839,98.04478454589844
21,0.012245907448232174,6.698476314544678,2.123462200164795,98.03022003173828
22,0.010118803940713406,6.114516258239746,2.12216854095459,97.99785614013672
23,0.007449189200997353,5.160597324371338,2.120466947555542,97.95545196533203
24,0.005647218320518732,4.217770099639893,2.1189184188842773,97.91622161865234
25,0.004955448675900698,3.524733304977417,2.1180496215820312,97.89264678955078
26,0.0044084759429097176,3.066913604736328,2.118084669113159,97.89015197753906
27,0.0034006391651928425,2.6942367553710938,2.1188347339630127,97.90449523925781
28,0.002399301389232278,2.4758105278015137,2.1198196411132812,97.92461395263672
29,0.0020483150146901608,2.6080029010772705,2.1205272674560547,97.93861389160156
30,0.0022182681132107973,2.8847568035125732,2.120633363723755,97.93888092041016
31,0.0022855044808238745,2.9716556072235107,2.12007212638855,97.923828125
32,0.0020129194017499685,2.769289493560791,2.1190054416656494,97.897216796875
33,0.0017227878561243415,2.490025043487549,2.117748737335205,97.86642456054688
34,0.0017122423741966486,2.384061336517334,2.116659164428711,97.83987426757812
35,0.0018403548747301102,2.421543598175049,2.115995168685913,97.82361602783203
36,0.0017829261487349868,2.4030799865722656,2.1157937049865723,97.81854248046875
37,0.0014923744602128863,2.2891743183135986,2.115873336791992,97.82035827636719
38,0.0012154162395745516,2.1497042179107666,2.1159415245056152,97.82208251953125
39,0.0011234740959480405,2.0222842693328857,2.1157283782958984,97.8172836303711
40,0.0011086392914876342,1.893540620803833,2.1150896549224854,97.80245971679688
41,0.0009893220849335194,1.7349176406860352,2.1140482425689697,97.778076171875
42,0.0007773569668643177,1.5616533756256104,2.1127779483795166,97.74822235107422
43,0.0006307113799266517,1.4657962322235107,2.111536741256714,97.71895599365234
44,0.0006130299880169332,1.493637204170227,2.1105620861053467,97.69587707519531
45,0.0006206505931913853,1.5181485414505005,2.1099653244018555,97.681640625
46,0.0005503161810338497,1.4337658882141113,2.1096878051757812,97.67484283447266
47,0.0004382125334814191,1.260355830192566,2.1095385551452637,97.67091369628906
48,0.0003827363543678075,1.1168636083602905,2.109286308288574,97.66436767578125
49,0.00039408798329532146,1.0783066749572754,2.1087558269500732,97.65106201171875
50,0.00039303363882936537,1.0696195363998413,2.107891798019409,97.6296615600586
51,0.0003361289855092764,1.0097090005874634,2.10677433013916,97.60209655761719
52,0.0002692773414310068,0.9468927979469299,2.105576515197754,97.57251739501953
53,0.00024640565970912576,0.9472017884254456,2.1044888496398926,97.54550170898438
54,0.00025129455025307834,0.9451468586921692,2.1036336421966553,97.52401733398438
55,0.000233136786846444,0.8951912522315979,2.1030116081237793,97.50814056396484
56,0.00018589524552226067,0.8063225150108337,2.102510929107666,97.49518585205078
57,0.0001496658951509744,0.7345819473266602,2.1019623279571533,97.48116302490234
58,0.00014507821470033377,0.7098201513290405,2.1012182235717773,97.4625473022461
59,0.00014695205027237535,0.7098850011825562,2.10021710395813,97.43785095214844
60,0.00012887366756331176,0.6686288714408875,2.0990023612976074,97.40811920166016
61,0.00010166380525333807,0.5988991260528564,2.097701072692871,97.37639617919922
62,9.046238847076893e-05,0.5528497695922852,2.096463203430176,97.34626007080078
63,9.456463158130646e-05,0.5407626032829285,2.095395803451538,97.32028198242188
64,9.236898767994717e-05,0.5295230150222778,2.0945184230804443,97.29895782470703
65,7.669615297345445e-05,0.49112439155578613,2.0937609672546387,97.28056335449219
66,6.269402365433052e-05,0.4674752652645111,2.0930027961730957,97.26220703125
67,6.1008355260128155e-05,0.4698251485824585,2.0921332836151123,97.24122619628906
68,6.239251524675637e-05,0.46719643473625183,2.091101884841919,97.21633911132812
69,5.5146960221463814e-05,0.43495017290115356,2.089937686920166,97.18826293945312
70,4.339502629591152e-05,0.387561172246933,2.088730812072754,97.1591567993164
71,3.8076490454841405e-05,0.3608410060405731,2.0875887870788574,97.13157653808594
72,3.895661575370468e-05,0.3578902781009674,2.0865843296051025,97.10726165771484
73,3.691901292768307e-05,0.3441738188266754,2.085724115371704,97.08638763427734
74,2.9679200451937504e-05,0.31211626529693604,2.084949254989624,97.06752014160156
75,2.4165181457647122e-05,0.2853541076183319,2.084167957305908,97.04846954345703
76,2.399863296886906e-05,0.2796500623226166,2.083301305770874,97.02732849121094
77,2.4277305783471093e-05,0.27783578634262085,2.08232045173645,97.00337982177734
78,2.0751227566506714e-05,0.2566384971141815,2.0812554359436035,96.97738647460938
79,1.6412577679147944e-05,0.2339818924665451,2.0801775455474854,96.95103454589844
80,1.5372394045698456e-05,0.23046115040779114,2.0791611671447754,96.9261474609375
81,1.5970843378454447e-05,0.2336832880973816,2.0782470703125,96.9037094116211
82,1.4409078175958712e-05,0.22182372212409973,2.0774242877960205,96.88346099853516
83,1.1275575161562301e-05,0.1965884417295456,2.07663893699646,96.8641128540039
84,9.817052159633022e-06,0.18322598934173584,2.0758249759674072,96.84408569335938
85,1.0140812264580745e-05,0.18272407352924347,2.0749378204345703,96.82231140136719
86,9.585253792465664e-06,0.17692269384860992,2.073976755142212,96.79875183105469
87,7.619198640895775e-06,0.1589825451374054,2.0729806423187256,96.77434539794922
88,6.355013283609878e-06,0.14730724692344666,2.0720059871673584,96.75048065185547
89,6.53737697575707e-06,0.14751215279102325,2.0710983276367188,96.72825622558594
90,6.502106316474965e-06,0.14722910523414612,2.070268392562866,96.70790100097656
91,5.376892659114674e-06,0.13486455380916595,2.069488525390625,96.68881225585938
92,4.394215466163587e-06,0.12217681854963303,2.0687124729156494,96.66981506347656
93,4.393270046421094e-06,0.12035521119832993,2.0678985118865967,96.64989471435547
94,4.428380179888336e-06,0.11922421306371689,2.0670320987701416,96.62872314453125
95,3.6954161259927787e-06,0.10992669314146042,2.066131830215454,96.60672760009766
96,2.8961389944015536e-06,0.09753923118114471,2.0652358531951904,96.5848388671875
97,2.7642640816338826e-06,0.09447784721851349,2.064380168914795,96.56391906738281
98,2.791253791656345e-06,0.09452104568481445,2.063579559326172,96.54432678222656
99,2.345872644582414e-06,0.08734805881977081,2.062819480895996,96.5257339477539
100,1.8145777858080692e-06,0.07821301370859146,2.062067747116089,96.50733184814453
101,1.742699055284902e-06,0.07606523483991623,2.0612919330596924,96.48834228515625
102,1.8328199757888797e-06,0.0768662616610527,2.0604770183563232,96.46839141845703
103,1.6093492831714684e-06,0.07284019142389297,2.0596323013305664,96.44770812988281
104,1.2840733916164027e-06,0.06597152352333069,2.058784246444702,96.42694091796875
105,1.2383968623908004e-06,0.06322337687015533,2.0579607486724854,96.40676879882812
106,1.2914676972286543e-06,0.06343614310026169,2.0571746826171875,96.38748168945312
107,1.1180908359165187e-06,0.059554941952228546,2.0564184188842773,96.36893463134766
108,8.636185384602868e-07,0.05365395173430443,2.0556695461273193,96.35054779052734
109,7.994088377927255e-07,0.05140214413404465,2.0549049377441406,96.33180236816406
110,8.102235824480886e-07,0.05087573826313019,2.054115056991577,96.31242370605469
111,6.819457780693483e-07,0.04675580933690071,2.05330753326416,96.2926025390625
112,5.204425406191149e-07,0.04124177619814873,2.052501678466797,96.27283477783203
113,5.014071007281018e-07,0.040039919316768646,2.051718235015869,96.25360870361328
114,5.293407525641669e-07,0.040633343160152435,2.0509657859802246,96.2351303100586
115,4.5907157186775294e-07,0.0383586511015892,2.0502376556396484,96.2172622680664
116,3.7003326269768877e-07,0.03494076803326607,2.0495171546936035,96.1995849609375
117,3.702580215758644e-07,0.03471923992037773,2.0487887859344482,96.18169403076172
118,3.8177810779416177e-07,0.03480023145675659,2.0480458736419678,96.16346740722656
119,3.1835014624448377e-07,0.031813401728868484,2.0472960472106934,96.14506530761719
120,2.505776137695648e-07,0.028541896492242813,2.046553611755371,96.12684631347656
121,2.4491455974384735e-07,0.028344497084617615,2.0458316802978516,96.10912322998047
122,2.3974530449777376e-07,0.027892980724573135,2.045133352279663,96.09197998046875
123,1.8931480383344024e-07,0.024604812264442444,2.0444509983062744,96.07523345947266
124,1.511167226908583e-07,0.022148264572024345,2.0437722206115723,96.05856323242188
125,1.5679043485761213e-07,0.022387145087122917,2.043085813522339,96.04170989990234
126,1.544947139109354e-07,0.02210373431444168,2.0423905849456787,96.0246353149414
127,1.2315445019339677e-07,0.01998629979789257,2.0416934490203857,96.00750732421875
128,1.0622407131677392e-07,0.018837055191397667,2.0410051345825195,95.9906005859375
129,1.1312414471831289e-07,0.01916704885661602,2.0403332710266113,95.9740982055664
130,1.0559944030319457e-07,0.01834219880402088,2.039677381515503,95.95796203613281
131,8.134740880905156e-08,0.016232743859291077,2.0390288829803467,95.94204711914062
132,7.23848501138491e-08,0.015435750596225262,2.038379669189453,95.92607879638672
133,7.577772720424036e-08,0.015596895478665829,2.037724256515503,95.90997314453125
134,6.624168946700593e-08,0.014482684433460236,2.0370640754699707,95.89374542236328
135,5.1062546191360525e-08,0.012658161111176014,2.036407232284546,95.87757873535156
136,4.957753318990399e-08,0.012652984820306301,2.035759925842285,95.86166381835938
137,5.173203021513473e-08,0.012881530448794365,2.035125255584717,95.8460693359375
138,4.3144385841742405e-08,0.011681613512337208,2.03450083732605,95.8307113647461
139,3.452284147442697e-08,0.010499290190637112,2.033879518508911,95.81542205810547
140,3.509653723199335e-08,0.010593054816126823,2.0332555770874023,95.80008697509766
141,3.3964724366342125e-08,0.010382412001490593,2.0326285362243652,95.78466033935547
142,2.6111008466500607e-08,0.009142962284386158,2.0320019721984863,95.76924133300781
143,2.185310243874028e-08,0.008488813415169716,2.0313823223114014,95.75399780273438
144,2.309520041876567e-08,0.00862834881991148,2.0307729244232178,95.73899841308594
145,2.101534235521285e-08,0.008165073581039906,2.0301730632781982,95.72425079345703
146,1.6214269038528073e-08,0.007248310372233391,2.0295791625976562,95.70963287353516
147,1.5603744074610404e-08,0.007135405670851469,2.0289864540100098,95.69505310058594
148,1.663204329815926e-08,0.007341236807405949,2.0283925533294678,95.68045043945312
149,1.4063182618428982e-08,0.006714597810059786,2.0278000831604004,95.66588592529297
150,1.1214103423640154e-08,0.00592888705432415,2.0272130966186523,95.65142059326172
151,1.1380940634353465e-08,0.00595553545281291,2.0266342163085938,95.63719177246094
152,1.0915923276400008e-08,0.005808867514133453,2.02606463432312,95.62317657470703
153,8.284041008721488e-09,0.00508533138781786,2.0255019664764404,95.60932922363281
154,7.039386407114989e-09,0.0046835849061608315,2.024941921234131,95.59553527832031
155,7.471506968670383e-09,0.00478901993483305,2.0243823528289795,95.58177185058594
156,6.6176770729953205e-09,0.00453905900940299,2.023824453353882,95.56803131103516
157,5.140293968253218e-09,0.004043473396450281,2.023270606994629,95.55438232421875
158,5.181559625810905e-09,0.004065950401127338,2.0227229595184326,95.54090881347656
159,5.402611247262712e-09,0.004182837903499603,2.0221829414367676,95.52759552001953
160,4.395078967434074e-09,0.0037907843943685293,2.021648406982422,95.51441955566406
161,3.661362546480973e-09,0.0034035344142466784,2.0211167335510254,95.5013198852539
162,3.815673110807438e-09,0.0034398427233099937,2.0205862522125244,95.48825073242188
163,3.4279812322068892e-09,0.003279137657955289,2.02005672454834,95.47521209716797
164,2.533748766353483e-09,0.002835433930158615,2.0195305347442627,95.46223449707031
165,2.3355275491354632e-09,0.0026866658590734005,2.0190093517303467,95.44939422607422
166,2.404900056873771e-09,0.002713232534006238,2.018494129180908,95.43669891357422
167,1.9347177193651532e-09,0.0024581809993833303,2.017983913421631,95.42412567138672
168,1.5704505473834729e-09,0.002209832426160574,2.017476797103882,95.41163635253906
169,1.7132634200223151e-09,0.0023034652695059776,2.0169718265533447,95.3991928100586
170,1.6483275855350144e-09,0.0022626519203186035,2.0164685249328613,95.38678741455078
171,1.2952862116222263e-09,0.0020139082334935665,2.0159685611724854,95.37446594238281
172,1.2401608628920258e-09,0.0019457030575722456,2.0154736042022705,95.36226654052734
173,1.3006761223621766e-09,0.0019902929197996855,2.014984130859375,95.35020446777344
174,1.0642151604400851e-09,0.001802206737920642,2.0144999027252197,95.33826446533203
175,8.480161017843102e-10,0.0016199861420318484,2.0140185356140137,95.32640075683594
176,8.698308739951699e-10,0.0016271346248686314,2.0135395526885986,95.31459045410156
177,7.876062579903476e-10,0.0015634990995749831,2.013063430786133,95.3028564453125
178,5.789999035776816e-10,0.0013523484813049436,2.0125906467437744,95.29119110107422
179,5.39369382490662e-10,0.001314446679316461,2.0121216773986816,95.2796401977539
180,5.613896569833798e-10,0.0013328720815479755,2.01165771484375,95.26818084716797
181,4.5145612248553846e-10,0.0011786246905103326,2.011198043823242,95.25684356689453
182,3.742667287198742e-10,0.001081848400644958,2.0107412338256836,95.24557495117188
183,4.101990969118674e-10,0.0011330980341881514,2.010287046432495,95.23436737060547
184,3.809871307325352e-10,0.0010932637378573418,2.0098350048065186,95.22322082519531
185,2.96052377057876e-10,0.0009532966651022434,2.0093860626220703,95.21215057373047
186,2.937230458854856e-10,0.0009483670582994819,2.008941173553467,95.20117950439453
187,2.991731307133705e-10,0.0009631509892642498,2.008500576019287,95.1902847290039
188,2.3578244912059176e-10,0.0008600584114901721,2.008063316345215,95.17950439453125
189,1.9915899485134503e-10,0.0007785533089190722,2.007628917694092,95.16879272460938
190,2.0939021350141473e-10,0.0007966601406224072,2.0071969032287598,95.15812683105469
191,1.7927273554541046e-10,0.0007483737426809967,2.006768226623535,95.14755249023438
192,1.353853973373731e-10,0.0006495694979093969,2.0063424110412598,95.13703918457031
193,1.366235874433741e-10,0.0006376691744662821,2.00592041015625,95.12662506103516
194,1.3251345853948493e-10,0.0006328108138404787,2.005502462387085,95.11632537841797
195,1.0047749438024667e-10,0.0005518922116607428,2.0050878524780273,95.10607147216797
196,9.135212031274875e-11,0.0005243105697445571,2.004676103591919,95.09591674804688
197,9.858312083332876e-11,0.0005516970995813608,2.0042669773101807,95.08580780029297
198,8.292978803670081e-11,0.0005050215404480696,2.0038604736328125,95.0757827758789
199,6.75649397541278e-11,0.0004578948428388685,2.0034573078155518,95.06581115722656
200,7.287222908436419e-11,0.0004709846980404109,2.0030572414398193,95.05594635009766
201,6.749369119152249e-11,0.00045199671876616776,2.0026609897613525,95.04615783691406
202,5.138918110492163e-11,0.0003946312644984573,2.002267599105835,95.03643798828125
203,4.9381942979209725e-11,0.0003887257189489901,2.00187611579895,95.02678680419922
204,4.948238346846878e-11,0.00038500066148117185,2.0014874935150146,95.0171890258789
205,3.810924145697392e-11,0.00033335096668452024,2.001101493835449,95.00765228271484
206,3.1975963543651176e-11,0.000311517680529505,2.000718593597412,94.99818420410156
207,3.4262627457426476e-11,0.00032685804762877524,2.0003387928009033,94.98880004882812
208,2.951581340449039e-11,0.0003002957964781672,1.9999616146087646,94.97948455810547
209,2.2939613750216914e-11,0.0002628569200169295,1.9995876550674438,94.97024536132812
210,2.4192823092072935e-11,0.00027200797921977937,1.9992157220840454,94.9610595703125
211,2.3422980569010043e-11,0.00026749566313810647,1.9988465309143066,94.95193481445312
212,1.7936412771701882e-11,0.00023307601804845035,1.998479962348938,94.94287109375
213,1.6838908739602587e-11,0.00022772594820708036,1.9981157779693604,94.93389129638672
214,1.7520783435198695e-11,0.00023184587189462036,1.9977549314498901,94.92497253417969
215,1.4170354993570111e-11,0.00020655841217376292,1.9973971843719482,94.91613006591797
216,1.1575821030895828e-11,0.00018825972802005708,1.9970417022705078,94.90734100341797
217,1.2339068135303055e-11,0.0001985854614758864,1.9966888427734375,94.89862060546875
218,1.0856967234962323e-11,0.000186532037332654,1.9963382482528687,94.88995361328125
219,8.259423527057219e-12,0.00015815449296496809,1.99599027633667,94.88135528564453
220,8.191625329445618e-12,0.00015797553351148963,1.9956451654434204,94.87283325195312
221,8.025953165957667e-12,0.0001558928343001753,1.9953025579452515,94.86436462402344
222,6.170268723043604e-12,0.00013591979222837836,1.9949620962142944,94.85595703125
223,5.505412098427698e-12,0.00012952422548551112,1.9946246147155762,94.84761047363281
224,5.986525511425533e-12,0.00013482297072187066,1.9942890405654907,94.83931732177734
225,5.178962727420133e-12,0.00012520019663497806,1.993956208229065,94.83108520507812
226,4.208342875566817e-12,0.00011354976595612243,1.9936254024505615,94.8228988647461
227,4.4130458835833775e-12,0.00011675443965941668,1.9932968616485596,94.81478881835938
228,4.1684680880671454e-12,0.00011365777754690498,1.9929711818695068,94.80672454833984
229,3.1289209504598015e-12,9.778716776054353e-05,1.9926475286483765,94.79872131347656
230,2.8058926709872978e-12,9.198925545206293e-05,1.9923259019851685,94.790771484375
231,2.7087960780686204e-12,9.110447717830539e-05,1.9920070171356201,94.78287506103516
232,2.1713494717523485e-12,8.114646334433928e-05,1.9916895627975464,94.7750473022461
233,1.7289051050181636e-12,7.270642527146265e-05,1.9913749694824219,94.76725769042969
234,1.84964261788767e-12,7.507341797463596e-05,1.9910625219345093,94.75953674316406
235,1.780342691846959e-12,7.494944293284789e-05,1.9907524585723877,94.75186920166016
236,1.4885541800915836e-12,6.79847871651873e-05,1.9904441833496094,94.74425506591797
237,1.4283553723473674e-12,6.625711830565706e-05,1.9901385307312012,94.73667907714844
238,1.4672542694715851e-12,6.710492016281933e-05,1.9898347854614258,94.72917175292969
239,1.2537406009205387e-12,6.18142366874963e-05,1.9895330667495728,94.72171020507812
240,9.66343650064816e-13,5.3989911975804716e-05,1.989233374595642,94.71430206298828
241,9.438759452848333e-13,5.3231393394526094e-05,1.9889357089996338,94.7069320678711
242,8.449043873391682e-13,5.01811045978684e-05,1.988640308380127,94.69962310791016
243,6.573562224068685e-13,4.4551579776452854e-05,1.988347053527832,94.69237518310547
244,5.502101053413144e-13,4.182956399745308e-05,1.9880555868148804,94.68517303466797
245,5.754628544518692e-13,4.254995656083338e-05,1.9877662658691406,94.67800903320312
246,5.432252954754024e-13,4.161172910244204e-05,1.9874787330627441,94.67090606689453
247,4.39768935243251e-13,3.6842975532636046e-05,1.987192988395691,94.66383361816406
248,4.056179220626732e-13,3.519847814459354e-05,1.9869095087051392,94.65682220458984
249,3.989894894508572e-13,3.5030170693062246e-05,1.9866278171539307,94.64984893798828
250,3.54745041935417e-13,3.323921191622503e-05,1.9863479137420654,94.64292907714844
251,2.855712899225288e-13,2.91641044896096e-05,1.9860702753067017,94.63606262207031
252,2.527964003493782e-13,2.6553470888757147e-05,1.9857943058013916,94.62922668457031
253,2.4142553190983906e-13,2.636789395182859e-05,1.9855201244354248,94.6224594116211
254,2.2933095852016583e-13,2.5898807507473975e-05,1.9852477312088013,94.61572265625
255,1.789789155640445e-13,2.2747684852220118e-05,1.9849770069122314,94.60902404785156
256,1.616100916285168e-13,2.173665961890947e-05,1.9847081899642944,94.60237121582031
257,1.5465269852504154e-13,2.1251122234389186e-05,1.9844412803649902,94.59577178955078
258,1.3837490723568602e-13,2.039346691162791e-05,1.9841760396957397,94.58921813964844
259,1.164500624834669e-13,1.8608956452226266e-05,1.9839129447937012,94.58271026611328
260,9.251858312667519e-14,1.650939157116227e-05,1.9836512804031372,94.57623291015625
261,9.152075798601889e-14,1.6586476704105735e-05,1.983391284942627,94.56979370117188
262,8.903714218818845e-14,1.625143522687722e-05,1.9831329584121704,94.56341552734375
263,8.008956724810806e-14,1.548146792629268e-05,1.9828764200210571,94.55706024169922
264,6.552783082857186e-14,1.3850177310814615e-05,1.9826215505599976,94.5507583618164
265,6.287425956394074e-14,1.3409297025646083e-05,1.9823682308197021,94.54449462890625
266,5.916255441280882e-14,1.2776263247360475e-05,1.98211669921875,94.53827667236328
267,5.56043553486419e-14,1.2299976333451923e-05,1.9818669557571411,94.53208923339844
268,4.850989198551016e-14,1.1755014384107199e-05,1.9816186428070068,94.52595520019531
269,4.122354177850743e-14,1.0770806511573028e-05,1.9813719987869263,94.51985168457031
270,3.701291728078378e-14,1.0166101674258243e-05,1.9811269044876099,94.5137939453125
271,3.374529795137013e-14,9.772525118023623e-06,1.9808833599090576,94.50775909423828
272,3.279132878859087e-14,9.635399692342617e-06,1.980641484260559,94.50178527832031
273,2.756094438500882e-14,8.613209502073005e-06,1.9804015159606934,94.49584197998047
274,2.393695627182866e-14,8.099889782897662e-06,1.9801626205444336,94.48995208740234
275,2.263758401381804e-14,7.955753062560689e-06,1.979925513267517,94.48407745361328
276,2.4150777880901746e-14,7.880065822973847e-06,1.9796899557113647,94.47826385498047
277,2.3997265017673165e-14,7.922297299955972e-06,1.979455828666687,94.47245788574219
278,2.081736780840896e-14,7.297274805750931e-06,1.979223608970642,94.46671295166016
279,1.8235070978157505e-14,6.7957216742797755e-06,1.9789924621582031,94.46100616455078
280,1.6502573504766083e-14,6.44284818918095e-06,1.9787629842758179,94.45532989501953
281,1.6381957707142965e-14,6.53320648780209e-06,1.9785348176956177,94.4496841430664
282,1.631616696406383e-14,6.437538559111999e-06,1.9783084392547607,94.44407653808594
283,1.4342436201360276e-14,6.079511877032928e-06,1.9780834913253784,94.43851470947266
284,1.2396119659994608e-14,5.439776032289956e-06,1.9778598546981812,94.43299102783203
285,1.1392807439905995e-14,5.085256816528272e-06,1.9776380062103271,94.42750549316406
286,1.1365394065601057e-14,5.093112122267485e-06,1.9774169921875,94.42205047607422
287,1.0970647913060346e-14,5.130696990818251e-06,1.9771981239318848,94.41661834716797
288,9.874131575587659e-15,4.76075865663006e-06,1.9769803285598755,94.4112548828125
289,9.852201045550298e-15,4.730577074951725e-06,1.9767640829086304,94.40589904785156
290,1.0148261083472304e-14,4.88727255287813e-06,1.9765491485595703,94.40057373046875
291,1.0833583582634497e-14,4.870905286225025e-06,1.976335883140564,94.39529418945312
292,8.651515749191329e-15,4.328925115260063e-06,1.9761238098144531,94.39006042480469
293,8.662480590693536e-15,4.352372798166471e-06,1.9759132862091064,94.38485717773438
294,8.772132393847394e-15,4.291735422157217e-06,1.9757038354873657,94.37968444824219
295,8.169048323534121e-15,4.092923518328462e-06,1.9754964113235474,94.37454223632812
296,9.643863127777735e-15,4.595706741383765e-06,1.9752899408340454,94.36945343017578
297,7.489207821606558e-15,3.858634499920299e-06,1.9750850200653076,94.36437225341797
298,7.182183789215292e-15,3.7526981486735167e-06,1.9748814105987549,94.35934448242188
299,7.423417078527422e-15,3.6795399864786305e-06,1.9746794700622559,94.35433959960938
300,6.869676489039975e-15,3.544842911651358e-06,1.9744784832000732,94.34938049316406
301,7.264422218064212e-15,3.662269364212989e-06,1.9742789268493652,94.34445190429688
302,6.8038853224443654e-15,3.395378598725074e-06,1.9740808010101318,94.33955383300781
303,6.738094155848756e-15,3.347334541103919e-06,1.973883867263794,94.3346939086914
304,7.275387059566419e-15,3.6399469536263496e-06,1.9736886024475098,94.32986450195312
305,6.8422635382515105e-15,3.457106231508078e-06,1.9734947681427002,94.32505798339844
306,6.5078257080388325e-15,3.306356347820838e-06,1.9733020067214966,94.3202896118164
307,6.250144309440445e-15,3.244326080675819e-06,1.9731106758117676,94.31556701660156
308,5.630612553357388e-15,3.0166254418872995e-06,1.972920536994934,94.31087493896484
309,6.326900741054735e-15,3.215005563106388e-06,1.9727319478988647,94.30619812011719
310,6.337865582556942e-15,3.3189191981364274e-06,1.972544550895691,94.30157470703125
311,6.003428175860737e-15,3.1704055345471716e-06,1.9723585844039917,94.2969741821289
312,6.359796112594303e-15,3.3059268389479257e-06,1.9721735715866089,94.29240417480469
313,6.283040104496486e-15,3.2213874874287285e-06,1.9719904661178589,94.28785705566406
314,6.135010085535483e-15,3.2834402645676164e-06,1.9718081951141357,94.28337097167969
315,6.5790992953855456e-15,3.3646783776930533e-06,1.9716274738311768,94.2789077758789
316,6.321417896787158e-15,3.2881753213587217e-06,1.9714478254318237,94.27446746826172
317,6.337865582556942e-15,3.3088144846260548e-06,1.9712697267532349,94.27006530761719
318,6.272074839477806e-15,3.2890986858546967e-06,1.971092939376831,94.26567840576172
319,6.277557260228909e-15,3.281928229625919e-06,1.9709171056747437,94.26133728027344
320,5.937637009265128e-15,3.0680439522257075e-06,1.9707428216934204,94.25703430175781
321,5.477100113645281e-15,2.889592451538192e-06,1.9705699682235718,94.25276184082031
322,6.167905880591525e-15,3.2435696084576193e-06,1.9703983068466187,94.24851989746094
323,5.52096075020353e-15,2.923095280493726e-06,1.970227599143982,94.24430847167969
324,6.052771656686563e-15,3.2262007607641863e-06,1.9700586795806885,94.24011993408203
325,6.326900741054735e-15,3.2254938560072333e-06,1.96989107131958,94.23597717285156
326,5.718333826473885e-15,2.9538771286752308e-06,1.9697242975234985,94.23184967041016
327,5.685438454934317e-15,3.025696969416458e-06,1.9695593118667603,94.22777557373047
328,5.636094974108491e-15,2.8819829367421335e-06,1.9693951606750488,94.22371673583984
329,5.866363845434888e-15,2.9494867703760974e-06,1.9692326784133911,94.21968841552734
330,6.277557260228909e-15,3.234137693652883e-06,1.9690711498260498,94.2157211303711
331,5.466135272143074e-15,2.836689873220166e-06,1.9689114093780518,94.21175384521484
332,5.91570690274424e-15,3.1158992896962445e-06,1.9687528610229492,94.20783996582031
333,5.4551700071243936e-15,2.955932359327562e-06,1.9685955047607422,94.20393371582031
334,6.485895601517945e-15,3.364579697517911e-06,1.9684393405914307,94.20008850097656
335,5.838950894646424e-15,2.9800921765854582e-06,1.9682843685150146,94.1962661743164
336,5.8499157361486306e-15,2.997313231389853e-06,1.9681309461593628,94.19245910644531
337,6.1459753505541635e-15,3.2213531540037366e-06,1.9679789543151855,94.18870544433594
338,5.170075657737541e-15,2.82881228486076e-06,1.9678280353546143,94.18497467041016
339,5.477100113645281e-15,2.957785227408749e-06,1.9676789045333862,94.18128967285156
340,5.296175146661183e-15,2.7443286398920463e-06,1.967530369758606,94.1776123046875
341,5.685438454934317e-15,3.04195964417886e-06,1.967383861541748,94.17399597167969
342,5.7676773072997106e-15,3.0238525141612627e-06,1.967238426208496,94.17039489746094
343,5.356483468989216e-15,2.8205595299368724e-06,1.9670941829681396,94.16682434082031
344,5.427757056335929e-15,2.7972093903372297e-06,1.9669517278671265,94.1633071899414
345,5.844433315397527e-15,2.9988555070303846e-06,1.9668102264404297,94.1598129272461
346,5.285209881642503e-15,2.7582616439758567e-06,1.966670036315918,94.15634155273438
347,5.838950894646424e-15,2.99288194582914e-06,1.9665316343307495,94.15291595458984
348,5.4496871628568165e-15,3.0316432457766496e-06,1.966394305229187,94.14952087402344
349,6.206283672882196e-15,3.138766487609246e-06,1.9662582874298096,94.14615631103516
350,5.707368561455204e-15,2.883206661863369e-06,1.9661238193511963,94.14283752441406
351,5.30713998816339e-15,2.8575343549164245e-06,1.965990662574768,94.13953399658203
352,5.8334680503788466e-15,3.057615685975179e-06,1.9658586978912354,94.13627624511719
353,6.244661888689341e-15,3.301158130852855e-06,1.9657281637191772,94.13304138183594
354,5.4387223213546096e-15,2.806182237691246e-06,1.9655992984771729,94.12985229492188
355,6.0418063916678824e-15,3.0959731702751014e-06,1.9654713869094849,94.12669372558594
356,5.553856545259571e-15,2.8908191325172083e-06,1.9653452634811401,94.12358093261719
357,5.4496871628568165e-15,3.024031229870161e-06,1.9652204513549805,94.1204833984375
358,5.866363845434888e-15,3.108642204097123e-06,1.9650969505310059,94.11741638183594
359,5.411309370566145e-15,2.971145931951469e-06,1.9649746417999268,94.1144027709961
360,6.617477511192691e-15,3.480115310594556e-06,1.9648537635803223,94.11140441894531
361,6.354313691843199e-15,3.3100357086368604e-06,1.964734435081482,94.10845947265625
362,6.261109574459125e-15,3.3504838938824832e-06,1.9646165370941162,94.10554504394531
363,5.142662706949077e-15,2.7198093448532745e-06,1.9644997119903564,94.10264587402344
364,6.135010085535483e-15,3.2536452181375353e-06,1.96438467502594,94.09979248046875
365,5.877328686937095e-15,3.085649041167926e-06,1.9642707109451294,94.09697723388672
366,6.0747017632074504e-15,3.1822012260818155e-06,1.964158058166504,94.09418487548828
367,5.592234337550243e-15,3.0802550554653862e-06,1.9640467166900635,94.09143829345703
368,6.200801252131093e-15,3.17865874421841e-06,1.9639369249343872,94.08872985839844
369,5.789607413820598e-15,3.0295111628220184e-06,1.9638283252716064,94.0860366821289
370,5.4387223213546096e-15,2.954811407107627e-06,1.9637211561203003,94.0833740234375
371,5.7621944630321335e-15,3.041144964299747e-06,1.9636155366897583,94.08075714111328
372,5.7621944630321335e-15,2.9382329103100346e-06,1.9635107517242432,94.07816314697266
373,5.91570690274424e-15,2.931158860519645e-06,1.9634075164794922,94.07561492919922
374,6.1240448205168024e-15,3.105659288848983e-06,1.9633058309555054,94.07308197021484
375,5.570304231029355e-15,3.035974032172817e-06,1.9632049798965454,94.07059478759766
376,5.537408859489787e-15,2.9432565042952774e-06,1.9631057977676392,94.06813049316406
377,4.890463729101792e-15,2.6492834876989946e-06,1.9630078077316284,94.06570434570312
378,5.7292990914925655e-15,2.9984328193677356e-06,1.9629113674163818,94.06332397460938
379,5.0494585895650024e-15,2.7947362468694337e-06,1.9628158807754517,94.06095886230469
380,5.614164867587604e-15,2.9523773719120072e-06,1.9627217054367065,94.05862426757812
381,5.811537943857959e-15,3.0816988783044508e-06,1.962628722190857,94.05632781982422
382,5.893776372706879e-15,3.1453603241970995e-06,1.962537169456482,94.05406951904297
383,6.1075971347470184e-15,3.1091933578863973e-06,1.9624470472335815,94.05181884765625
384,5.285209881642503e-15,2.849787506420398e-06,1.9623582363128662,94.04962921142578
385,5.4332394770870325e-15,2.87657167064026e-06,1.9622702598571777,94.04745483398438
386,5.652543083394749e-15,2.964794703075313e-06,1.9621838331222534,94.0453109741211
387,5.921189323495344e-15,3.1136785310081905e-06,1.9620990753173828,94.04320526123047
388,6.167905880591525e-15,3.2081472909339936e-06,1.9620152711868286,94.04113006591797
389,5.394861684796361e-15,2.878178293030942e-06,1.9619325399398804,94.0390853881836
390,5.548373700991994e-15,3.0025837531866273e-06,1.9618511199951172,94.03706359863281
391,5.482582957912858e-15,2.9695877401536563e-06,1.9617712497711182,94.03509521484375
392,5.789607413820598e-15,3.066269755436224e-06,1.9616929292678833,94.03313446044922
393,5.948602274283808e-15,3.2042073598859133e-06,1.9616153240203857,94.03121948242188
394,4.994633111504547e-15,2.798089326461195e-06,1.9615395069122314,94.02935028076172
395,5.575786651780459e-15,2.9100910978741013e-06,1.961464762687683,94.02749633789062
396,5.460652427875497e-15,2.982262003570213e-06,1.9613914489746094,94.02568054199219
397,5.202971029277109e-15,2.7938476705458015e-06,1.9613195657730103,94.02389526367188
398,5.027528483044115e-15,2.6265404358127853e-06,1.961248755455017,94.02215576171875
399,5.296175146661183e-15,2.681890919120633e-06,1.9611796140670776,94.02042388916016
400,5.0001155322556504e-15,2.7334924652677728e-06,1.9611117839813232,94.01875305175781
401,6.403656749152551e-15,3.3045225791283883e-06,1.961045265197754,94.01710510253906
402,5.4716176928941776e-15,2.97356791634229e-06,1.9609800577163696,94.01548767089844
403,5.959567539302489e-15,3.127809122815961e-06,1.9609163999557495,94.01392364501953
404,5.90474163772556e-15,3.0665598842460895e-06,1.9608540534973145,94.01236724853516
405,5.838950894646424e-15,3.021766360689071e-06,1.9607932567596436,94.01087188720703
406,5.921189323495344e-15,3.083824367422494e-06,1.9607336521148682,94.0093994140625
407,6.622959931943794e-15,3.3022977277141763e-06,1.960675835609436,94.00796508789062
408,5.4167917913172485e-15,2.783311174425762e-06,1.9606190919876099,94.00655364990234
409,4.98915026723697e-15,2.7552850951906294e-06,1.960564136505127,94.00521087646484
410,5.6086824468365e-15,2.9063755846436834e-06,1.960510492324829,94.00386810302734
411,5.329070518200751e-15,2.895112629630603e-06,1.9604582786560059,94.00257873535156
412,5.0878368053721475e-15,2.6802081265486777e-06,1.9604073762893677,94.00132751464844
413,5.965049960053592e-15,3.1285280783777125e-06,1.9603580236434937,94.00009155273438
414,5.932154588514024e-15,3.183256694683223e-06,1.9603102207183838,93.9989242553711
415,6.0582540774376664e-15,3.206239625797025e-06,1.9602640867233276,93.99778747558594
416,6.14049292980306e-15,3.1832878448767588e-06,1.9602187871932983,93.99666595458984
417,5.685438454934317e-15,3.1120712264964823e-06,1.9601752758026123,93.99559783935547
418,6.29948779026627e-15,3.3357346183038317e-06,1.9601333141326904,93.99456024169922
419,5.427757056335929e-15,2.90565571958723e-06,1.9600926637649536,93.9935531616211
420,5.4167917913172485e-15,2.9012842333031585e-06,1.9600532054901123,93.99258422851562
421,6.1459753505541635e-15,3.3217088457604405e-06,1.9600151777267456,93.99164581298828
422,5.444204742105713e-15,2.891710437324946e-06,1.959978461265564,93.9907455444336
423,5.318105253182071e-15,3.0037626856938004e-06,1.9599430561065674,93.98987579345703
424,5.630612553357388e-15,2.9314228413568344e-06,1.9599089622497559,93.9890365600586
425,5.252314510102935e-15,2.8415604447218357e-06,1.959876298904419,93.98822784423828
426,5.53192601522221e-15,2.896817932196427e-06,1.959844708442688,93.98746490478516
427,5.7621944630321335e-15,3.11730764224194e-06,1.9598139524459839,93.98670959472656
428,5.575786651780459e-15,2.9088625979056815e-06,1.9597846269607544,93.98599243164062
429,5.296175146661183e-15,2.754183014985756e-06,1.9597563743591309,93.98529052734375
430,5.641577818376068e-15,2.9769221328024287e-06,1.9597290754318237,93.9846420288086
431,5.329070518200751e-15,2.9011396236455766e-06,1.9597026109695435,93.9839859008789
432,6.189835987112412e-15,3.293028385087382e-06,1.9596772193908691,93.98336791992188
433,5.899259216974456e-15,3.0672626962768845e-06,1.9596527814865112,93.98277282714844
434,5.575786651780459e-15,2.9034804356342647e-06,1.9596288204193115,93.98220825195312
435,5.806055099590382e-15,3.0791979952482507e-06,1.9596056938171387,93.98162841796875
436,5.7457467772623495e-15,3.0040273486520164e-06,1.959582805633545,93.98109436035156
437,5.592234337550243e-15,2.885044295908301e-06,1.9595609903335571,93.98056030273438
438,5.6086824468365e-15,2.8441354515962303e-06,1.9595392942428589,93.98004913330078
439,5.723816670741462e-15,2.964111445180606e-06,1.9595181941986084,93.97954559326172
440,5.806055099590382e-15,3.0170331228873692e-06,1.959497332572937,93.97904968261719
441,5.4387223213546096e-15,2.9340405944822123e-06,1.9594762325286865,93.9785385131836
442,5.707368561455204e-15,2.963865654237452e-06,1.9594557285308838,93.9780502319336
443,6.217248937900877e-15,3.232745939385495e-06,1.9594347476959229,93.97756958007812
444,5.318105253182071e-15,2.8838364869443467e-06,1.9594141244888306,93.97708129882812
445,6.414622014171232e-15,3.2491986985405674e-06,1.959392786026001,93.97657775878906
446,5.186523343507325e-15,2.7480812150315614e-06,1.9593713283538818,93.97606658935547
447,6.0747017632074504e-15,3.0626385978393955e-06,1.9593490362167358,93.97555541992188
448,5.592234337550243e-15,2.9253105822135694e-06,1.9593265056610107,93.97502899169922
449,6.272074839477806e-15,3.1816939554119017e-06,1.9593032598495483,93.97449493408203
450,5.3674487340078965e-15,2.8374342946335673e-06,1.9592790603637695,93.97393035888672
451,5.910224481993137e-15,3.114499577350216e-06,1.9592539072036743,93.97334289550781
452,5.257796930854038e-15,2.9006762360950233e-06,1.9592278003692627,93.97273254394531
453,5.4387223213546096e-15,2.9819216251780745e-06,1.9592005014419556,93.97210693359375
454,5.3510010482381125e-15,2.853719934137189e-06,1.9591712951660156,93.97142791748047
455,6.792920057425685e-15,3.513088813633658e-06,1.9591408967971802,93.97073364257812
456,5.976015225072273e-15,3.1392137316288427e-06,1.9591087102890015,93.96998596191406
457,6.792920057425685e-15,3.4427780519763473e-06,1.959074854850769,93.96920013427734
458,6.206283672882196e-15,3.2331622605852317e-06,1.9590388536453247,93.9683609008789
459,5.3674487340078965e-15,2.845856897693011e-06,1.959000587463379,93.96748352050781
460,6.568134030366865e-15,3.3264079775108257e-06,1.9589604139328003,93.966552734375
461,5.789607413820598e-15,2.9950665521027986e-06,1.9589177370071411,93.96556854248047
462,5.773159728050814e-15,3.1102508728508838e-06,1.9588723182678223,93.96450805664062
463,5.603199602568923e-15,3.0076880648266524e-06,1.9588240385055542,93.96339416503906
464,5.943119853532705e-15,3.1094411951926304e-06,1.9587730169296265,93.96221160888672
465,5.647060239127172e-15,2.8715999178530183e-06,1.9587188959121704,93.96094512939453
466,6.167905880591525e-15,3.237130385969067e-06,1.9586613178253174,93.95960998535156
467,5.268762195872719e-15,2.8279712296352955e-06,1.9586000442504883,93.95819091796875
468,5.6964037199529974e-15,2.962235839731875e-06,1.9585353136062622,93.95668029785156
469,6.721646470078972e-15,3.4386289371468592e-06,1.9584662914276123,93.95507049560547
470,6.151457771305267e-15,3.0785745366301853e-06,1.9583935737609863,93.95338439941406
471,5.356483468989216e-15,2.9203058602433885e-06,1.9583163261413574,93.95157623291016
472,6.118562399765699e-15,3.2282912343362113e-06,1.9582347869873047,93.94966125488281
473,7.045119035272969e-15,3.463017947069602e-06,1.9581481218338013,93.9476547241211
474,5.7128514057227815e-15,3.0394232908292906e-06,1.9580564498901367,93.94551086425781
475,5.718333826473885e-15,3.0424462238443084e-06,1.957959532737732,93.9432373046875
476,5.586751916799139e-15,2.868785486498382e-06,1.9578574895858765,93.94084930419922
477,6.080184183958554e-15,3.1605693493474973e-06,1.9577491283416748,93.93832397460938
478,6.420104434922335e-15,3.2593359264865285e-06,1.9576348066329956,93.93563842773438
479,6.935467232119111e-15,3.4988565857929643e-06,1.9575140476226807,93.93281555175781
480,5.466135272143074e-15,2.8383192329783924e-06,1.9573869705200195,93.92984008789062
481,5.827985629627743e-15,2.9168941182433628e-06,1.9572527408599854,93.92668151855469
482,5.329070518200751e-15,2.8784834285033867e-06,1.95711088180542,93.92335510253906
483,5.98149806933985e-15,3.0318813060148386e-06,1.956961750984192,93.91984558105469
484,4.961737316448505e-15,2.617010977701284e-06,1.9568043947219849,93.91614532470703
485,5.592234337550243e-15,3.000287961185677e-06,1.9566384553909302,93.91226196289062
486,5.822502785360166e-15,3.07270579469332e-06,1.9564640522003174,93.90814208984375
487,6.014393440879418e-15,3.1525196391157806e-06,1.95628023147583,93.90380859375
488,5.921189323495344e-15,2.975410552608082e-06,1.9560867547988892,93.89925384521484
489,5.652543083394749e-15,2.9744612675131066e-06,1.9558829069137573,93.89445495605469
490,5.860881001167311e-15,2.937587169071776e-06,1.9556684494018555,93.88941192626953
491,5.954085118551385e-15,3.1798429063201183e-06,1.955443024635315,93.88408660888672
492,6.22273135865198e-15,3.113697857770603e-06,1.9552056789398193,93.87849426269531
493,6.036323547400305e-15,3.0754454201087356e-06,1.954956293106079,93.87259674072266
494,5.466135272143074e-15,2.897518015743117e-06,1.9546940326690674,93.86640167236328
495,5.69092087568542e-15,2.9358120627875905e-06,1.9544180631637573,93.85987854003906
496,5.997945755109634e-15,3.151892997266259e-06,1.9541279077529907,93.85303497314453
497,5.986980490090953e-15,3.095103465966531e-06,1.9538227319717407,93.84580993652344
498,5.011080797274331e-15,2.8380031835695263e-06,1.9535022974014282,93.83824157714844
499,4.7917771909666146e-15,2.6624354632076574e-06,1.9531652927398682,93.83026123046875
500,5.7621944630321335e-15,3.065127430090797e-06,1.9528111219406128,93.8218765258789
501,5.603199602568923e-15,2.9502891720767366e-06,1.9524387121200562,93.81304931640625
502,5.553856545259571e-15,2.9969246497785207e-06,1.9520472288131714,93.80377960205078
503,5.7292990914925655e-15,3.0264318411354907e-06,1.9516360759735107,93.79403686523438
504,5.98149806933985e-15,3.112881586275762e-06,1.95120370388031,93.78378295898438
505,5.509995908701323e-15,2.9248565169837093e-06,1.950749158859253,93.77298736572266
506,5.7128514057227815e-15,3.05631579067267e-06,1.9502718448638916,93.76167297363281
507,5.186523343507325e-15,2.88243768409302e-06,1.9497697353363037,93.74974060058594
508,5.405826526298568e-15,2.8005113108520163e-06,1.949242353439331,93.73722076416016
509,5.060423854583683e-15,2.7161424895894015e-06,1.9486879110336304,93.72404479980469
510,5.614164867587604e-15,2.941238790299394e-06,1.9481052160263062,93.7101821899414
511,6.173388301342628e-15,3.126162482658401e-06,1.9474925994873047,93.69562530517578
512,5.6964037199529974e-15,3.0056376090215053e-06,1.946848750114441,93.68031311035156
513,5.806055099590382e-15,2.9422599254758097e-06,1.9461721181869507,93.6642074584961
514,5.822502785360166e-15,3.0902779144525994e-06,1.9454607963562012,93.64726257324219
515,5.7676773072997106e-15,3.0243309083743952e-06,1.9447128772735596,93.62947082519531
516,4.961737316448505e-15,2.535380417612032e-06,1.9439269304275513,93.61072540283203
517,5.67995561066674e-15,3.013616378666484e-06,1.9431005716323853,93.59102630615234
518,5.526443594471107e-15,2.8472611575125484e-06,1.9422317743301392,93.5702896118164
519,5.526443594471107e-15,2.8544011456688168e-06,1.9413180351257324,93.54850769042969
520,5.3510010482381125e-15,2.853543492165045e-06,1.9403579235076904,93.52560424804688
521,5.22490155931447e-15,2.753029320956557e-06,1.9393482208251953,93.5014877319336
522,6.326900741054735e-15,3.312038188596489e-06,1.9382866621017456,93.47613525390625
523,5.926672167762921e-15,3.1122056043386692e-06,1.9371705055236816,93.44944763183594
524,5.827985629627743e-15,3.030237394341384e-06,1.9359968900680542,93.42140197753906
525,5.965049960053592e-15,3.1154038424574537e-06,1.9347630739212036,93.39187622070312
526,5.970532804321169e-15,2.9889968118368415e-06,1.933465600013733,93.36083221435547
527,5.701886140704101e-15,3.0577539291698486e-06,1.9321017265319824,93.32817077636719
528,5.575786651780459e-15,2.932294137281133e-06,1.9306674003601074,93.2938003540039
529,5.866363845434888e-15,2.9509005798900034e-06,1.9291598796844482,93.2576675415039
530,5.926672167762921e-15,3.0626515581388958e-06,1.927574634552002,93.21965789794922
531,5.871846266185992e-15,3.02231478599424e-06,1.9259084463119507,93.17967987060547
532,5.7128514057227815e-15,3.087190634687431e-06,1.924156904220581,93.13761901855469
533,6.06373649818877e-15,3.084536274400307e-06,1.9223161935806274,93.09341430664062
534,5.701886140704101e-15,2.9575762710010167e-06,1.9203815460205078,93.04691314697266
535,5.8334680503788466e-15,3.019999212483526e-06,1.9183486700057983,92.99801635742188
536,5.564821386761778e-15,2.86792533188418e-06,1.916213035583496,92.94660949707031
537,5.7457467772623495e-15,3.0783269266976276e-06,1.9139693975448608,92.892578125
538,5.67995561066674e-15,3.0595831503887894e-06,1.9116135835647583,92.83580017089844
539,5.718333826473885e-15,2.944337211374659e-06,1.9091395139694214,92.776123046875
540,5.14814512770018e-15,2.7813425731437746e-06,1.906542420387268,92.71342468261719
541,4.819190141755079e-15,2.6155296382057713e-06,1.9038169384002686,92.6475830078125
542,5.219418715046893e-15,2.817357653839281e-06,1.9009568691253662,92.57843017578125
543,5.4880653786639616e-15,2.968195758512593e-06,1.8979570865631104,92.50582122802734
544,6.06373649818877e-15,3.181062083967845e-06,1.894811987876892,92.42963409423828
545,6.1624230363239475e-15,3.247664608352352e-06,1.8915151357650757,92.34970092773438
546,6.584582139653123e-15,3.2880557228054386e-06,1.888060450553894,92.265869140625
547,5.7457467772623495e-15,3.015021093233372e-06,1.8844425678253174,92.1779556274414
548,5.6086824468365e-15,2.9034567887720186e-06,1.8806549310684204,92.08583068847656
549,5.822502785360166e-15,3.0199248612916563e-06,1.876691222190857,91.98930358886719
550,5.460652427875497e-15,2.924493628597702e-06,1.8725453615188599,91.88822937011719
551,5.926672167762921e-15,3.1364158985525137e-06,1.8682115077972412,91.7824478149414
552,5.860881001167311e-15,3.0530127332895063e-06,1.8636832237243652,91.6717529296875
553,5.860881001167311e-15,3.0680557756568305e-06,1.8589543104171753,91.55601501464844
554,6.5078257080388325e-15,3.282617171862512e-06,1.8540189266204834,91.43505096435547
555,5.4551700071243936e-15,2.9553411877714097e-06,1.8488714694976807,91.30868530273438
556,5.389378840528784e-15,2.8974768611078616e-06,1.843505620956421,91.1767807006836
557,5.3510010482381125e-15,2.8385577479639323e-06,1.8379162549972534,91.03914642333984
558,5.7676773072997106e-15,3.0002415769558866e-06,1.8320975303649902,90.8956298828125
559,6.310453055284951e-15,3.2242849101749016e-06,1.826043725013733,90.7460708618164
560,5.581269496048036e-15,2.9383550099737477e-06,1.819751262664795,90.5903091430664
561,5.4332394770870325e-15,2.8580345770023996e-06,1.813214659690857,90.42821502685547
562,6.206283672882196e-15,3.0806234008196043e-06,1.8064289093017578,90.2596206665039
563,6.0747017632074504e-15,3.1058302738529164e-06,1.7993911504745483,90.08438873291016
564,6.294004945998693e-15,3.2510752134840004e-06,1.7920969724655151,89.90241241455078
565,6.0911494489772344e-15,3.0653118301415816e-06,1.7845429182052612,89.71353149414062
566,5.75671204228103e-15,3.0522555789502803e-06,1.7767266035079956,89.51763153076172
567,5.427757056335929e-15,2.851053523045266e-06,1.7686446905136108,89.31462860107422
568,5.586751916799139e-15,2.882235548895551e-06,1.7602955102920532,89.10438537597656
569,5.838950894646424e-15,2.97097722068429e-06,1.751677393913269,88.88683319091797
570,5.910224481993137e-15,3.1171421142062172e-06,1.7427891492843628,88.66187286376953
571,5.811537943857959e-15,3.082881448790431e-06,1.7336301803588867,88.42943572998047
572,6.9080542813306466e-15,3.2573377666267334e-06,1.7242000102996826,88.189453125
573,5.21393629429579e-15,2.745145593507914e-06,1.7144992351531982,87.9418716430664
574,5.75671204228103e-15,2.9402110612863908e-06,1.704528570175171,87.68663787841797
575,5.192005764258429e-15,2.7390130981075345e-06,1.694289207458496,87.42372131347656
576,5.164593236986438e-15,2.782396450129454e-06,1.683782696723938,87.1530990600586
577,5.866363845434888e-15,3.131277935608523e-06,1.6730116605758667,86.874755859375
578,5.8170203646090626e-15,2.994009037138312e-06,1.6619791984558105,86.58869171142578
579,5.641577818376068e-15,3.0196165425877552e-06,1.6506876945495605,86.29491424560547
580,5.241349245084254e-15,2.7825212782772724e-06,1.6391420364379883,85.99345397949219
581,5.893776372706879e-15,3.1566337383992504e-06,1.6273460388183594,85.68431854248047
582,5.69092087568542e-15,2.925432909250958e-06,1.615303874015808,85.3675537109375
583,6.244661888689341e-15,3.1291720006265678e-06,1.6030217409133911,85.043212890625
584,5.14814512770018e-15,2.7099804356112145e-06,1.5905044078826904,84.71137237548828
585,5.7621944630321335e-15,3.049361566809239e-06,1.5777580738067627,84.3720932006836
586,5.296175146661183e-15,2.745473921095254e-06,1.5647895336151123,84.02544403076172
587,6.677785833520723e-15,3.4567192415124737e-06,1.551605224609375,83.67152404785156
588,5.663507924896956e-15,2.9017351153015625e-06,1.5382124185562134,83.31044006347656
589,5.954085118551385e-15,3.1763647712068632e-06,1.5246185064315796,82.9422836303711
590,5.630612553357388e-15,2.9724631076533115e-06,1.5108309984207153,82.56719207763672
591,6.135010085535483e-15,3.2555440157011617e-06,1.4968587160110474,82.18528747558594
592,6.420104434922335e-15,3.28945179717266e-06,1.4827089309692383,81.79668426513672
593,6.502343287287729e-15,3.286696028226288e-06,1.4683904647827148,81.40151977539062
594,6.019875861630521e-15,3.1070753720996436e-06,1.4539119005203247,80.99995422363281
595,5.69092087568542e-15,3.011489070559037e-06,1.439282774925232,80.5921401977539
596,5.965049960053592e-15,3.1225554266711697e-06,1.424512267112732,80.17826080322266
597,6.0911494489772344e-15,3.101933998550521e-06,1.409608244895935,79.7584228515625
598,5.3784135755101034e-15,2.8900403776788153e-06,1.39458167552948,79.3328628540039
599,5.90474163772556e-15,3.0095932288531912e-06,1.3794405460357666,78.9017105102539
600,5.899259216974456e-15,3.112494368906482e-06,1.3641952276229858,78.46514892578125
601,5.844433315397527e-15,3.03680417346186e-06,1.3488543033599854,78.02337646484375
602,5.537408859489787e-15,2.986375193358981e-06,1.3334280252456665,77.5765609741211
603,6.239179467938238e-15,3.126280489595956e-06,1.317925214767456,77.1249008178711
604,5.91570690274424e-15,3.126814362985897e-06,1.3023569583892822,76.66862487792969
605,5.882811531204672e-15,3.1081654014997184e-06,1.2867292165756226,76.20783233642578
606,6.184353566361309e-15,3.310224883534829e-06,1.2710541486740112,75.74281311035156
607,5.789607413820598e-15,3.0344206152221886e-06,1.2553398609161377,75.2737045288086
608,6.014393440879418e-15,3.1067320378497243e-06,1.2395955324172974,74.80072784423828
609,6.233696623670661e-15,3.199296770617366e-06,1.2238316535949707,74.32412719726562
610,6.38172621911519e-15,3.255977162552881e-06,1.208053708076477,73.843994140625
611,5.581269496048036e-15,2.859643927877187e-06,1.1922740936279297,73.36064910888672
612,6.1130799790145955e-15,3.046903884751373e-06,1.1764984130859375,72.87419128417969
613,5.6086824468365e-15,2.8979138733120635e-06,1.1607369184494019,72.38488006591797
614,5.806055099590382e-15,2.8319855118752457e-06,1.1449964046478271,71.89286804199219
615,5.4880653786639616e-15,2.9586415166704683e-06,1.1292855739593506,71.39839172363281
616,5.159110392718861e-15,2.7753312679124065e-06,1.113611102104187,70.9015884399414
617,6.38172621911519e-15,3.2882874165807152e-06,1.0979821681976318,70.4027328491211
618,5.910224481993137e-15,3.200221271981718e-06,1.082403540611267,69.90193176269531
619,6.008910596611841e-15,3.1325082545663463e-06,1.0668848752975464,69.3994140625
620,5.4387223213546096e-15,2.9358043320826255e-06,1.0514312982559204,68.89535522460938
621,5.773159728050814e-15,3.1080542157724267e-06,1.0360510349273682,68.38997650146484
622,5.795090258088175e-15,3.0436542601819383e-06,1.0207469463348389,67.88336181640625
623,5.6086824468365e-15,2.837670535882353e-06,1.0055292844772339,67.37579345703125
624,4.945289630678721e-15,2.748002088992507e-06,0.9904017448425293,66.8674087524414
625,6.036323547400305e-15,3.156656021019444e-06,0.9753690958023071,66.35833740234375
626,6.008910596611841e-15,3.119788516414701e-06,0.9604372382164001,65.84877014160156
627,5.175558078488645e-15,2.849055363185471e-06,0.9456116557121277,65.3388671875
628,5.7621944630321335e-15,3.0328496904985514e-06,0.9308973550796509,64.82881927490234
629,5.499030643682642e-15,2.820170493578189e-06,0.9162987470626831,64.31877136230469
630,5.603199602568923e-15,2.9270768209244125e-06,0.9018197655677795,63.80885696411133
631,6.008910596611841e-15,3.100095909758238e-06,0.8874636888504028,63.29920196533203
632,6.0911494489772344e-15,3.0906828669685638e-06,0.8732350468635559,62.78998947143555
633,6.233696623670661e-15,3.150677230223664e-06,0.8591377139091492,62.281341552734375
634,5.329070518200751e-15,2.873827725125011e-06,0.8451747298240662,61.77340316772461
635,5.932154588514024e-15,3.0191447422112105e-06,0.8313491940498352,61.26630783081055
636,6.1295276647843795e-15,3.1074775961315027e-06,0.8176645636558533,60.76019287109375
637,6.030841126649202e-15,3.003213578267605e-06,0.8041221499443054,60.25515365600586
638,5.614164867587604e-15,2.9040209028607933e-06,0.7907249331474304,59.75130081176758
639,6.06373649818877e-15,3.0884507395967375e-06,0.7774757146835327,59.248809814453125
640,6.019875861630521e-15,3.0294834232336143e-06,0.7643755674362183,58.747718811035156
641,5.405826526298568e-15,2.889022425733856e-06,0.7514283061027527,58.24824142456055
642,5.318105253182071e-15,2.8101546831749147e-06,0.7386322021484375,57.75033187866211
643,5.882811531204672e-15,2.993154794239672e-06,0.7259918451309204,57.25422668457031
644,5.553856545259571e-15,2.9227860522951232e-06,0.7135061025619507,56.759918212890625
645,5.575786651780459e-15,3.0139979116938775e-06,0.7011774778366089,56.2675666809082
646,5.647060239127172e-15,2.9908785563748097e-06,0.689007043838501,55.77726364135742
647,5.806055099590382e-15,3.086403012275696e-06,0.6769957542419434,55.28910827636719
648,5.515478329452426e-15,2.9339566935959738e-06,0.6651426553726196,54.80309295654297
649,5.630612553357388e-15,3.043133347091498e-06,0.6534497141838074,54.31938934326172
650,5.175558078488645e-15,2.6828643058252055e-06,0.6419169306755066,53.83803176879883
651,5.4880653786639616e-15,2.8377082799124764e-06,0.6305440068244934,53.35910415649414
652,5.290692302393606e-15,2.779216856652056e-06,0.6193312406539917,52.882659912109375
653,5.186523343507325e-15,2.7105268145533046e-06,0.6082788109779358,52.40877151489258
654,6.1240448205168024e-15,3.0918688480596757e-06,0.597385823726654,51.937496185302734
655,6.228214202919557e-15,3.2168625239137327e-06,0.5866531729698181,51.468936920166016
656,5.685438454934317e-15,3.0015623906365363e-06,0.5760799646377563,51.003116607666016
657,6.321417896787158e-15,3.3205012641701614e-06,0.565665066242218,50.54006576538086
658,5.192005764258429e-15,2.671994252523291e-06,0.555408775806427,50.07988357543945
659,5.877328686937095e-15,3.0465741929219803e-06,0.54530930519104,49.622554779052734
660,5.7786421488019175e-15,3.0574224183510523e-06,0.5353680849075317,49.16823959350586
661,6.266591995210229e-15,3.3227784115297254e-06,0.5255816578865051,48.71685028076172
662,6.1075971347470184e-15,3.172244760207832e-06,0.5159506797790527,48.268516540527344
663,5.526443594471107e-15,2.9497277864720672e-06,0.5064737796783447,47.82323455810547
664,6.266591995210229e-15,3.1391814445669297e-06,0.49714910984039307,47.38101577758789
665,5.90474163772556e-15,3.139252385153668e-06,0.4879772961139679,46.941986083984375
666,5.285209881642503e-15,2.802026074277819e-06,0.47895562648773193,46.506099700927734
667,5.707368561455204e-15,3.057525418626028e-06,0.47008273005485535,46.073368072509766
668,5.795090258088175e-15,3.088201083301101e-06,0.46135851740837097,45.643882751464844
669,5.663507924896956e-15,2.8812548862333642e-06,0.4527808725833893,45.21764373779297
670,5.882811531204672e-15,3.100388312304858e-06,0.44434893131256104,44.794673919677734
671,5.493547799415065e-15,2.747124881352647e-06,0.43606048822402954,44.374977111816406
672,6.014393440879418e-15,3.177893859174219e-06,0.42791450023651123,43.958587646484375
673,5.7841249930694946e-15,3.1296262932301033e-06,0.4199097752571106,43.54553985595703
674,5.59771718181782e-15,2.9730069854849717e-06,0.4120441973209381,43.135807037353516
675,6.409139169903655e-15,3.1291940558730857e-06,0.4043167531490326,42.72944641113281
676,6.0966322932448115e-15,3.2071109217213234e-06,0.3967258334159851,42.32646942138672
677,6.1240448205168024e-15,3.114179889962543e-06,0.38926902413368225,41.92683410644531
678,5.871846266185992e-15,3.0097535272943787e-06,0.3819458484649658,41.530616760253906
679,5.723816670741462e-15,2.9838140562787885e-06,0.37475359439849854,41.13776779174805
680,5.329070518200751e-15,2.9335835733945714e-06,0.36769160628318787,40.74834442138672
681,6.1295276647843795e-15,3.2286457098962273e-06,0.3607567548751831,40.362274169921875
682,5.515478329452426e-15,2.937962335636257e-06,0.3539494276046753,39.97967529296875
683,6.233696623670661e-15,3.1795070754014887e-06,0.3472661077976227,39.6004524230957
684,5.734781512243669e-15,3.01780301015242e-06,0.3407055139541626,39.22461700439453
685,5.493547799415065e-15,2.825060391842271e-06,0.3342669606208801,38.85224914550781
686,6.622959931943794e-15,3.3764029012672836e-06,0.3279480040073395,38.4832878112793
687,5.301657567412287e-15,2.883932666009059e-06,0.3217461407184601,38.1176872253418
688,5.460652427875497e-15,2.8709152957162587e-06,0.31566110253334045,37.75552749633789
689,5.992462910842057e-15,2.933662244686275e-06,0.3096897602081299,37.396728515625
690,5.970532804321169e-15,3.051836756640114e-06,0.3038315176963806,37.041343688964844
691,6.14049292980306e-15,3.066550334551721e-06,0.2980840802192688,36.6893424987793
692,6.8203330082141495e-15,3.4016438803519122e-06,0.2924458980560303,36.340721130371094
693,5.241349245084254e-15,2.774407221295405e-06,0.2869153320789337,35.99546432495117
694,5.7786421488019175e-15,3.0352618978213286e-06,0.28149065375328064,35.653568267822266
695,6.480412757250368e-15,3.2784118957351893e-06,0.2761703431606293,35.31503677368164
696,7.121875043370786e-15,3.4643303479242604e-06,0.27095216512680054,34.97982406616211
697,5.860881001167311e-15,3.0944956961320713e-06,0.2658351957798004,34.647953033447266
698,6.206283672882196e-15,3.1594822758052032e-06,0.2608168125152588,34.319366455078125
699,5.542891280240891e-15,2.925889475591248e-06,0.2558964490890503,33.994110107421875
700,5.7457467772623495e-15,2.9872367122152355e-06,0.2510717511177063,33.67212677001953
701,7.182183789215292e-15,3.4860618143284228e-06,0.2463415116071701,33.35343551635742
702,6.611995090441587e-15,3.42445537171443e-06,0.24170371890068054,33.03797912597656
703,6.315935476036054e-15,3.2319021556759253e-06,0.2371566742658615,32.725746154785156
704,6.14049292980306e-15,3.1929489523463417e-06,0.23269954323768616,32.416770935058594
705,5.882811531204672e-15,3.0220348889997695e-06,0.2283300906419754,32.110984802246094
706,5.0384937480627955e-15,2.766314764812705e-06,0.22404706478118896,31.808391571044922
707,5.932154588514024e-15,3.0835469715384534e-06,0.21984834969043732,31.508934020996094
708,5.882811531204672e-15,2.988383585034171e-06,0.2157338708639145,31.21269989013672
709,5.0713891196023635e-15,2.7722896902560024e-06,0.2117004692554474,30.91954803466797
710,5.405826526298568e-15,2.8529154860734707e-06,0.20774854719638824,30.629592895507812
711,6.036323547400305e-15,3.1703507374913897e-06,0.20387475192546844,30.34268569946289
712,5.827985629627743e-15,3.1535214475297835e-06,0.20007847249507904,30.058856964111328
713,5.482582957912858e-15,2.9042328151263064e-06,0.19635820388793945,29.778093338012695
714,6.036323547400305e-15,3.157857008773135e-06,0.19271214306354523,29.50033187866211
715,5.838950894646424e-15,3.027728780580219e-06,0.18914012610912323,29.22565269470215
716,7.154770414910354e-15,3.678731218315079e-06,0.18563900887966156,28.95389747619629
717,6.1459753505541635e-15,3.2906950764299836e-06,0.18220894038677216,28.685161590576172
718,6.332383161805838e-15,3.2559501050855033e-06,0.17884837090969086,28.419403076171875
719,6.014393440879418e-15,3.130148343188921e-06,0.17555519938468933,28.156543731689453
720,5.7621944630321335e-15,3.1044144179759314e-06,0.17232875525951385,27.8966064453125
721,5.740264356511246e-15,3.0111302748991875e-06,0.16916759312152863,27.639558792114258
722,5.4387223213546096e-15,2.9243360586406197e-06,0.1660706251859665,27.385393142700195
723,5.986980490090953e-15,3.0694941415276844e-06,0.1630357950925827,27.13400650024414
724,6.99029313369604e-15,3.3830972370196832e-06,0.16006295382976532,26.8854923248291
725,6.261109574459125e-15,3.2651953461027006e-06,0.1571505218744278,26.639768600463867
726,6.326900741054735e-15,3.1898005090624793e-06,0.1542973816394806,26.396835327148438
727,5.7128514057227815e-15,2.967680757137714e-06,0.15150201320648193,26.156627655029297
728,6.436552120692119e-15,3.309242401883239e-06,0.14876383543014526,25.919178009033203
729,5.570304231029355e-15,2.8642541565204738e-06,0.14608174562454224,25.684467315673828
730,5.822502785360166e-15,2.9141062896087533e-06,0.14345359802246094,25.452375411987305
731,5.707368561455204e-15,2.9024490686424542e-06,0.14087924361228943,25.222963333129883
732,5.4716176928941776e-15,2.8336166906228755e-06,0.1383572816848755,24.996177673339844
733,6.0747017632074504e-15,3.190141569575644e-06,0.13588717579841614,24.772043228149414
734,5.8334680503788466e-15,3.0348428481374867e-06,0.13346748054027557,24.55050277709961
735,6.003428175860737e-15,3.0457674711215077e-06,0.13109709322452545,24.33151626586914
736,6.337865582556942e-15,3.2549426123296143e-06,0.12877468764781952,24.115034103393555
737,6.189835987112412e-15,3.1740107715449994e-06,0.12650060653686523,23.90116310119629
738,6.1953184078635155e-15,3.2395334983448265e-06,0.12427239120006561,23.689727783203125
739,5.8170203646090626e-15,3.0750481982977362e-06,0.12208981812000275,23.480775833129883
740,6.1788707220937315e-15,3.229410367566743e-06,0.11995191872119904,23.274288177490234
741,5.603199602568923e-15,2.9138700483599678e-06,0.1178576648235321,23.070220947265625
742,6.315935476036054e-15,3.1275924357032636e-06,0.11580640077590942,22.868576049804688
743,6.4529998064619034e-15,3.2597135941614397e-06,0.11379678547382355,22.66929054260254
744,6.310453055284951e-15,3.3582414289412554e-06,0.11182873696088791,22.4724063873291
745,6.06373649818877e-15,3.0746805350645445e-06,0.10990049690008163,22.277828216552734
746,6.321417896787158e-15,3.260393896198366e-06,0.10801193118095398,22.085582733154297
747,5.7676773072997106e-15,2.9751174679404357e-06,0.10616148263216019,21.895586013793945
748,6.67230341276962e-15,3.2528164410905447e-06,0.10434932261705399,21.70790672302246
749,6.1953184078635155e-15,3.2099837881105486e-06,0.10257396847009659,21.52245330810547
750,6.348830847575622e-15,3.273675702075707e-06,0.10083504766225815,21.339242935180664
751,5.477100113645281e-15,2.9122263640601886e-06,0.09913164377212524,21.15823745727539
752,5.318105253182071e-15,2.756107278401032e-06,0.09746283292770386,20.979394912719727
753,5.553856545259571e-15,3.0065948521951213e-06,0.09582775831222534,20.802671432495117
754,5.575786651780459e-15,2.9987170364620397e-06,0.09422659873962402,20.628149032592773
755,6.540721503094874e-15,3.292896963102976e-06,0.09265788644552231,20.45572280883789
756,5.7676773072997106e-15,2.95100403491233e-06,0.09112093597650528,20.28536605834961
757,6.0911494489772344e-15,3.1650617984269047e-06,0.0896153599023819,20.117082595825195
758,5.625130132606284e-15,3.000134483954753e-06,0.08814061433076859,19.950876235961914
759,5.91570690274424e-15,3.0334838356793625e-06,0.08669562637805939,19.786664962768555
760,6.233696623670661e-15,3.226336502848426e-06,0.08527987450361252,19.624446868896484
761,6.6832686777883e-15,3.3490298392280238e-06,0.08389300107955933,19.46422576904297
762,6.1295276647843795e-15,3.0632886591774877e-06,0.0825343206524849,19.30596923828125
763,6.518790973057513e-15,3.1514812235400314e-06,0.08120305836200714,19.149642944335938
764,5.926672167762921e-15,3.1015770218800753e-06,0.07989883422851562,18.995243072509766
765,5.553856545259571e-15,2.8762626698153326e-06,0.0786210373044014,18.842741012573242
766,5.69092087568542e-15,3.0403682558244327e-06,0.07736895233392715,18.692108154296875
767,5.460652427875497e-15,3.00676606457273e-06,0.07614234834909439,18.54334831237793
768,5.811537943857959e-15,2.9710581657127477e-06,0.0749400332570076,18.3963680267334
769,5.466135272143074e-15,2.913610614996287e-06,0.07376247644424438,18.251270294189453
770,5.7621944630321335e-15,2.97038741337019e-06,0.0726085752248764,18.107955932617188
771,6.321417896787158e-15,3.1441049941349775e-06,0.07147762179374695,17.966384887695312
772,5.658025504145852e-15,2.9445375275827246e-06,0.07036950439214706,17.826580047607422
773,6.469447915748161e-15,3.2097980238177115e-06,0.06928375363349915,17.688528060913086
774,6.047288812418986e-15,3.0737269298697356e-06,0.06821975857019424,17.552188873291016
775,6.206283672882196e-15,3.1448057598026935e-06,0.06717687100172043,17.417516708374023
776,6.1788707220937315e-15,3.084563104494009e-06,0.06615518778562546,17.284570693969727
777,5.7128514057227815e-15,3.0703165521117626e-06,0.06515366584062576,17.153242111206055
778,5.301657567412287e-15,2.763820475593093e-06,0.06417204439640045,17.023544311523438
779,5.296175146661183e-15,2.7930771011597244e-06,0.06321005523204803,16.895471572875977
780,6.359796112594303e-15,3.204570475645596e-06,0.06226702779531479,16.768972396850586
781,5.52096075020353e-15,3.004776544912602e-06,0.0613429918885231,16.644092559814453
782,5.647060239127172e-15,2.9062289286230225e-06,0.060437463223934174,16.520795822143555
783,5.7128514057227815e-15,3.0093942768871784e-06,0.05954960361123085,16.399005889892578
784,5.98149806933985e-15,2.975572215291322e-06,0.05867915600538254,16.278718948364258
785,5.647060239127172e-15,3.045251105504576e-06,0.05782637745141983,16.16000747680664
786,5.663507924896956e-15,2.9913621801824775e-06,0.056989945471286774,16.0427188873291
787,6.1130799790145955e-15,3.2032651233748766e-06,0.05617019161581993,15.92692756652832
788,6.365278533345406e-15,3.2339003155357204e-06,0.05536653846502304,15.812590599060059
789,5.685438454934317e-15,3.0157152650645003e-06,0.054578997194767,15.699738502502441
790,6.518790973057513e-15,3.2717923659220105e-06,0.05380648002028465,15.58824348449707
791,5.668990769164533e-15,2.9394630018941825e-06,0.05304941162467003,15.478198051452637
792,5.641577818376068e-15,2.9051259389234474e-06,0.052306823432445526,15.369495391845703
793,6.173388301342628e-15,3.2508357890037587e-06,0.05157874524593353,15.262164115905762
794,5.69092087568542e-15,3.0026008062122855e-06,0.05086489021778107,15.156189918518066
795,5.559338966010675e-15,2.945385176644777e-06,0.05016501247882843,15.051568984985352
796,5.175558078488645e-15,2.740832542258431e-06,0.04947855323553085,14.948241233825684
797,5.877328686937095e-15,2.972002221213188e-06,0.048805657774209976,14.846259117126465
798,5.888293951955776e-15,2.996108150910004e-06,0.04814557731151581,14.745532035827637
799,6.343348426824519e-15,3.338830083521316e-06,0.0474984310567379,14.646106719970703
800,6.348830847575622e-15,3.324664930914878e-06,0.046863406896591187,14.547883987426758
801,5.3784135755101034e-15,2.861598431991297e-06,0.04624100774526596,14.450965881347656
802,5.668990769164533e-15,2.8793681394745363e-06,0.045630186796188354,14.355215072631836
803,5.318105253182071e-15,2.8558015401358716e-06,0.04503123089671135,14.260699272155762
804,6.151457771305267e-15,3.175667416144279e-06,0.0444437675178051,14.16738510131836
805,5.707368561455204e-15,3.018132929355488e-06,0.04386768490076065,14.075276374816895
806,6.0418063916678824e-15,3.1927502277540043e-06,0.04330214858055115,13.984264373779297
807,6.173388301342628e-15,3.159120979034924e-06,0.04274775832891464,13.89447021484375
808,5.548373700991994e-15,2.9706375244131777e-06,0.042203743010759354,13.805784225463867
809,5.7676773072997106e-15,2.995959448526264e-06,0.04166989028453827,13.718201637268066
810,6.4968608665366256e-15,3.2691996239009313e-06,0.04114631935954094,13.631756782531738
811,5.8499157361486306e-15,2.9991647352289874e-06,0.0406326949596405,13.54642105102539
812,5.734781512243669e-15,3.0018902634765254e-06,0.040128398686647415,13.462105751037598
813,5.860881001167311e-15,3.007563236678834e-06,0.03963381424546242,13.378901481628418
814,5.570304231029355e-15,2.912061290771817e-06,0.0391484871506691,13.296745300292969
815,6.0747017632074504e-15,3.1295289772970136e-06,0.03867211192846298,13.215607643127441
816,5.838950894646424e-15,3.0796566079516197e-06,0.038204822689294815,13.135533332824707
817,5.718333826473885e-15,3.0443786727119004e-06,0.037746280431747437,13.056479454040527
818,5.91570690274424e-15,3.163805558870081e-06,0.037296030670404434,12.978384971618652
819,6.069219342456347e-15,3.1563895390718244e-06,0.036854181438684464,12.901289939880371
820,6.14049292980306e-15,3.1795711947779637e-06,0.03642034903168678,12.825143814086914
821,6.008910596611841e-15,3.1343643058789894e-06,0.03599467873573303,12.749987602233887
822,5.340035783219432e-15,2.8532590476970654e-06,0.035576798021793365,12.675772666931152
823,5.855398580416208e-15,3.0025109936104855e-06,0.03516680374741554,12.602533340454102
824,6.1075971347470184e-15,3.1330166621046374e-06,0.03476409241557121,12.53017807006836
825,6.244661888689341e-15,3.1675097034167266e-06,0.0343688428401947,12.458755493164062
826,5.542891280240891e-15,2.8140989343228284e-06,0.03398076072335243,12.388227462768555
827,5.8334680503788466e-15,3.008033672813326e-06,0.0335996076464653,12.31856632232666
828,6.167905880591525e-15,3.1709887480246834e-06,0.03322548791766167,12.249805450439453
829,6.420104434922335e-15,3.2648899832565803e-06,0.0328582301735878,12.181927680969238
830,5.542891280240891e-15,2.908609985752264e-06,0.032497722655534744,12.114925384521484
831,5.526443594471107e-15,2.870684056688333e-06,0.03214351087808609,12.048731803894043
832,5.8499157361486306e-15,2.952933300548466e-06,0.03179566562175751,11.983373641967773
833,6.255627153708022e-15,3.2675795864633983e-06,0.03145403787493706,11.918834686279297
834,6.677785833520723e-15,3.328764705656795e-06,0.031118670478463173,11.855135917663574
835,5.855398580416208e-15,2.9914765491412254e-06,0.03078923374414444,11.792227745056152
836,5.91570690274424e-15,3.1281388146453537e-06,0.030465416610240936,11.730066299438477
837,6.4255872791899125e-15,3.232450353607419e-06,0.03014780580997467,11.668771743774414
838,6.4749303364992645e-15,3.234734776924597e-06,0.02983536757528782,11.608162879943848
839,5.866363845434888e-15,3.069326794502558e-06,0.029528697952628136,11.548358917236328
840,5.932154588514024e-15,3.06069932776154e-06,0.029227368533611298,11.489297866821289
841,6.315935476036054e-15,3.2614909741823794e-06,0.028931517153978348,11.431011199951172
842,7.598859624760416e-15,3.565808356142952e-06,0.028640620410442352,11.373408317565918
843,5.718333826473885e-15,2.9920367978775175e-06,0.028354812413454056,11.316529273986816
844,5.976015225072273e-15,3.048804956051754e-06,0.028074339032173157,11.260433197021484
845,7.121875043370786e-15,3.6194985568727134e-06,0.027798479422926903,11.204984664916992
846,6.102114713995915e-15,3.104843017354142e-06,0.027527444064617157,11.150239944458008
847,5.882811531204672e-15,3.0827261525701033e-06,0.02726115472614765,11.096186637878418
848,5.910224481993137e-15,3.1155263968685176e-06,0.02699935808777809,11.042789459228516
849,6.321417896787158e-15,3.1665231290389784e-06,0.02674213796854019,10.990072250366211
850,6.431069699941016e-15,3.1962165394361364e-06,0.02648930996656418,10.938009262084961
851,6.217248937900877e-15,3.1837323604122503e-06,0.02624092623591423,10.886616706848145
852,6.1624230363239475e-15,3.18673573929118e-06,0.02599669061601162,10.835846900939941
853,6.568134030366865e-15,3.435569396970095e-06,0.025756603106856346,10.785704612731934
854,6.661338147750939e-15,3.347412985021947e-06,0.025520674884319305,10.736204147338867
855,6.83129827323283e-15,3.422592726565199e-06,0.025288810953497887,10.687333106994629
856,6.5297562380761936e-15,3.3282237836829154e-06,0.02506069280207157,10.639032363891602
857,6.76550710663722e-15,3.266140538471518e-06,0.024836570024490356,10.591361045837402
858,5.882811531204672e-15,3.0205985694919946e-06,0.02461613528430462,10.544265747070312
859,6.1624230363239475e-15,3.1362553727376508e-06,0.024399401620030403,10.49775505065918
860,6.052771656686563e-15,3.1393592507811263e-06,0.024186378344893456,10.451838493347168
861,5.75671204228103e-15,3.103162953266292e-06,0.023976854979991913,10.406479835510254
862,6.326900741054735e-15,3.133875679850462e-06,0.023770729079842567,10.361661911010742
863,6.337865582556942e-15,3.326645583001664e-06,0.023568321019411087,10.317461967468262
864,5.90474163772556e-15,3.12372253574722e-06,0.023369168862700462,10.273788452148438
865,6.573616874634442e-15,3.3172693747474113e-06,0.023173125460743904,10.230615615844727
866,6.135010085535483e-15,3.1875533750280738e-06,0.022980475798249245,10.188011169433594
867,6.228214202919557e-15,3.1639008284400916e-06,0.022791016846895218,10.145936012268066
868,6.348830847575622e-15,3.2726434255891945e-06,0.02260453999042511,10.104353904724121
869,6.28852252524759e-15,3.1509266591456253e-06,0.02242112159729004,10.063285827636719
870,6.650372882732259e-15,3.4281722491869004e-06,0.02224070392549038,10.022725105285645
871,6.699716363558084e-15,3.3307737794530112e-06,0.022063374519348145,9.982697486877441
872,5.641577818376068e-15,3.036613406948163e-06,0.02188883163034916,9.943142890930176
873,5.997945755109634e-15,2.9592581540782703e-06,0.021717073395848274,9.90406322479248
874,6.902571860579543e-15,3.4482302453398006e-06,0.021548138931393623,9.865476608276367
875,6.398174328401448e-15,3.2334253319277195e-06,0.021381961181759834,9.827371597290039
876,5.6086824468365e-15,2.945501591966604e-06,0.02121824212372303,9.789684295654297
877,5.69092087568542e-15,3.0332123515108833e-06,0.021057508885860443,9.752544403076172
878,6.1295276647843795e-15,3.13457485390245e-06,0.020898990333080292,9.715775489807129
879,5.866363845434888e-15,3.0110857096588006e-06,0.02074318565428257,9.6795015335083
880,6.584582139653123e-15,3.404672042961465e-06,0.020589753985404968,9.643645286560059
881,7.050601456024073e-15,3.4113072615582496e-06,0.020438944920897484,9.608271598815918
882,6.06373649818877e-15,3.1143290470936336e-06,0.02029034122824669,9.573287963867188
883,6.622959931943794e-15,3.340130660944851e-06,0.020144183188676834,9.538753509521484
884,6.601029825422907e-15,3.4194795262010302e-06,0.02000029757618904,9.504634857177734
885,6.173388301342628e-15,3.1200438570522238e-06,0.019858691841363907,9.470935821533203
886,6.326900741054735e-15,3.1391284665005514e-06,0.019719162955880165,9.437615394592285
887,5.8334680503788466e-15,3.085274556724471e-06,0.0195819940418005,9.404741287231445
888,5.526443594471107e-15,2.855600087059429e-06,0.01944683864712715,9.372238159179688
889,6.272074839477806e-15,3.2493489925400354e-06,0.0193138737231493,9.340150833129883
890,6.5297562380761936e-15,3.2292700780089945e-06,0.01918295957148075,9.308448791503906
891,5.7292990914925655e-15,2.911251840487239e-06,0.019054004922509193,9.277117729187012
892,6.617477511192691e-15,3.272815547461505e-06,0.01892709732055664,9.24617862701416
893,6.003428175860737e-15,3.06419519802148e-06,0.018802091479301453,9.215601921081543
894,6.535238658827297e-15,3.2497696338396054e-06,0.018679119646549225,9.1854248046875
895,6.502343287287729e-15,3.3454341519245645e-06,0.01855790801346302,9.1555814743042
896,6.003428175860737e-15,3.1137687983573414e-06,0.01843862608075142,9.126116752624512
897,6.633925196962475e-15,3.196094667146099e-06,0.01832093484699726,9.096951484680176
898,5.98149806933985e-15,3.0508608688251115e-06,0.01820528134703636,9.068201065063477
899,5.899259216974456e-15,3.1415545436175307e-06,0.01809135638177395,9.039791107177734
900,6.5133085523064096e-15,3.2416351132269483e-06,0.017979003489017487,9.011685371398926
901,6.069219342456347e-15,3.2068253403849667e-06,0.017868544906377792,8.983967781066895
902,5.948602274283808e-15,3.1817214676266303e-06,0.017759501934051514,8.95651912689209
903,5.734781512243669e-15,2.950681391666876e-06,0.017652228474617004,8.929434776306152
904,5.8499157361486306e-15,3.0105757105047815e-06,0.01754656620323658,8.902677536010742
905,5.954085118551385e-15,3.218829533579992e-06,0.017442425712943077,8.876225471496582
906,6.666820568502043e-15,3.217518724341062e-06,0.01733987405896187,8.85010051727295
907,6.014393440879418e-15,3.116693733318243e-06,0.017238888889551163,8.824298858642578
908,6.250144309440445e-15,3.026180593224126e-06,0.017139354720711708,8.79879379272461
909,6.244661888689341e-15,3.200824039595318e-06,0.0170412790030241,8.773590087890625
910,6.5790992953855456e-15,3.2711245694372337e-06,0.01694466359913349,8.748689651489258
911,6.047288812418986e-15,3.083277533733053e-06,0.016849353909492493,8.7240571975708
912,5.855398580416208e-15,3.016782557097031e-06,0.01675557531416416,8.699752807617188
913,6.365278533345406e-15,3.2061279853223823e-06,0.016663212329149246,8.67574691772461
914,6.38172621911519e-15,3.29539216181729e-06,0.016572115942835808,8.652006149291992
915,6.694233519290507e-15,3.261817482780316e-06,0.016482384875416756,8.628557205200195
916,6.365278533345406e-15,3.165974476360134e-06,0.01639391854405403,8.605376243591309
917,5.411309370566145e-15,2.891411895689089e-06,0.016306625679135323,8.582440376281738
918,6.76550710663722e-15,3.322707470942987e-06,0.016220854595303535,8.559845924377441
919,6.573616874634442e-15,3.364109261383419e-06,0.016136061400175095,8.537447929382324
920,6.568134030366865e-15,3.3496708056190982e-06,0.01605258323252201,8.515342712402344
921,6.946432497137792e-15,3.389156972843921e-06,0.015970444306731224,8.493535041809082
922,6.167905880591525e-15,3.183922444804921e-06,0.015889188274741173,8.471905708312988
923,5.882811531204672e-15,3.0792655252298573e-06,0.015809303149580956,8.45058822631836
924,6.431069699941016e-15,3.3833298402896617e-06,0.015730444341897964,8.42949104309082
925,6.535238658827297e-15,3.282847501395736e-06,0.015652751550078392,8.40865421295166
926,5.91570690274424e-15,2.9879636258556275e-06,0.01557613629847765,8.388053894042969
927,5.893776372706879e-15,3.0419141694437712e-06,0.015500626526772976,8.367705345153809
928,6.365278533345406e-15,3.183394255756866e-06,0.015426097437739372,8.34756851196289
929,5.855398580416208e-15,3.069962758672773e-06,0.015352842397987843,8.327729225158691
930,5.937637009265128e-15,3.056983587157447e-06,0.015280361287295818,8.30805492401123
931,6.83129827323283e-15,3.297039484095876e-06,0.015209071338176727,8.288656234741211
932,6.4529998064619034e-15,3.3156052268168423e-06,0.015138782560825348,8.269485473632812
933,6.343348426824519e-15,3.3528951917105587e-06,0.015069385059177876,8.250515937805176
934,6.014393440879418e-15,3.1214276532409713e-06,0.015000930987298489,8.231760025024414
935,6.5297562380761936e-15,3.308838813609327e-06,0.014933408237993717,8.213217735290527
936,6.4749303364992645e-15,3.333210315759061e-06,0.014866896905004978,8.194911003112793
937,6.535238658827297e-15,3.3272733617195627e-06,0.01480128988623619,8.176814079284668
938,5.707368561455204e-15,3.074085270782234e-06,0.014736589044332504,8.158926963806152
939,6.003428175860737e-15,3.1052700251166243e-06,0.014672799967229366,8.141255378723145
940,6.151457771305267e-15,3.2072700832941337e-06,0.014609831385314465,8.123770713806152
941,5.53192601522221e-15,2.795359250740148e-06,0.014547733590006828,8.106492042541504
942,5.7128514057227815e-15,3.0198386866686633e-06,0.014486370608210564,8.089381217956543
943,5.877328686937095e-15,3.0955031888879603e-06,0.014426063746213913,8.072530746459961
944,6.880641330542182e-15,3.3949920634768205e-06,0.014366517774760723,8.05585765838623
945,7.0999449368498984e-15,3.432232915656641e-06,0.0143077177926898,8.039359092712402
946,5.997945755109634e-15,3.14423959935084e-06,0.014249619096517563,8.023025512695312
947,6.502343287287729e-15,3.3312396681139944e-06,0.014192470349371433,8.006924629211426
948,6.244661888689341e-15,3.0910346140444744e-06,0.014135953970253468,7.990969657897949
949,6.957397762156472e-15,3.4647275697352597e-06,0.014080340042710304,7.975240230560303
950,6.611995090441587e-15,3.33450770995114e-06,0.014025515876710415,7.959702014923096
951,6.727129314346549e-15,3.3761252780095674e-06,0.01397116668522358,7.94426965713501
952,8.366421399804477e-15,4.008978521596873e-06,0.013917704112827778,7.929057598114014
953,6.321417896787158e-15,3.1830445550440345e-06,0.013864966109395027,7.914026260375977
954,5.882811531204672e-15,3.0834992230666103e-06,0.013812805525958538,7.899128437042236
955,7.143805573408147e-15,3.551619101926917e-06,0.013761528767645359,7.884457111358643
956,6.995775554447144e-15,3.4597221656440524e-06,0.01371078472584486,7.86991024017334
957,6.359796112594303e-15,3.2740376809670124e-06,0.01366068422794342,7.8555216789245605
958,6.1240448205168024e-15,3.216644699932658e-06,0.013611502014100552,7.841372489929199
959,6.749059420867436e-15,3.434214022490778e-06,0.013562711887061596,7.827310085296631
960,7.039636191005392e-15,3.4292525015189312e-06,0.013514661230146885,7.8134355545043945
961,6.8038853224443654e-15,3.449502628427581e-06,0.013467226177453995,7.799715518951416
962,6.67230341276962e-15,3.347733581904322e-06,0.013420340605080128,7.786129474639893
963,6.376243798364087e-15,3.3020833143382333e-06,0.013374151661992073,7.77272367477417
964,6.277557260228909e-15,3.1968756957212463e-06,0.013328531756997108,7.759457588195801
965,6.294004945998693e-15,3.2452999221277423e-06,0.013283523730933666,7.7463483810424805
966,6.781954792407004e-15,3.36516905008466e-06,0.013239058665931225,7.733376979827881
967,6.4255872791899125e-15,3.1727520308777457e-06,0.01319521851837635,7.720564842224121
968,6.156940615572844e-15,3.0680300824315054e-06,0.013151990249752998,7.707911491394043
969,6.9080542813306466e-15,3.391351583559299e-06,0.013109217397868633,7.695370197296143
970,6.354313691843199e-15,3.1466490781895118e-06,0.01306706853210926,7.682992458343506
971,6.0418063916678824e-15,3.184430397595861e-06,0.013025383464992046,7.670732021331787
972,6.814850587463046e-15,3.296211389169912e-06,0.012984287925064564,7.658623218536377
973,6.776472371655901e-15,3.4637803310033632e-06,0.01294365618377924,7.646634578704834
974,6.502343287287729e-15,3.2945799830486067e-06,0.012903614901006222,7.634800910949707
975,6.601029825422907e-15,3.27810198541556e-06,0.012864128686487675,7.623113632202148
976,6.705198784309188e-15,3.2583950542175444e-06,0.012825097888708115,7.611542224884033
977,7.412452237025215e-15,3.530760750436457e-06,0.012786569073796272,7.600103855133057
978,6.151457771305267e-15,3.1929237138683675e-06,0.012748482637107372,7.588778972625732
979,6.348830847575622e-15,3.2195562198467087e-06,0.01271085999906063,7.57757568359375
980,5.553856545259571e-15,2.9026114134467207e-06,0.012673811987042427,7.566526412963867
981,5.4496871628568165e-15,2.9865445867471863e-06,0.012637075036764145,7.55555534362793
982,6.261109574459125e-15,3.1734316507936455e-06,0.012600906193256378,7.544737815856934
983,5.4167917913172485e-15,2.8824545097450027e-06,0.01256525982171297,7.534061431884766
984,6.1075971347470184e-15,3.0089665870036697e-06,0.012529938481748104,7.523467540740967
985,6.0582540774376664e-15,3.1400657007907284e-06,0.01249512005597353,7.513009071350098
986,6.29948779026627e-15,3.155809736199444e-06,0.012460678815841675,7.502650260925293
987,5.795090258088175e-15,2.966216243294184e-06,0.012426698580384254,7.492415428161621
988,5.937637009265128e-15,3.0200553737813607e-06,0.012393188662827015,7.482308864593506
989,6.398174328401448e-15,3.2953380468825344e-06,0.012359981425106525,7.472280979156494
990,7.072531986061434e-15,3.3744015581760323e-06,0.012327216565608978,7.462372779846191
991,6.376243798364087e-15,3.1981116990209557e-06,0.012294922955334187,7.452593803405762
992,6.573616874634442e-15,3.3632370559644187e-06,0.012263103388249874,7.442946910858154
993,6.403656749152551e-15,3.2169782571145333e-06,0.012231467291712761,7.4333415031433105
994,5.937637009265128e-15,3.1120293897402007e-06,0.012200373224914074,7.423888683319092
995,6.173388301342628e-15,3.0929716103855753e-06,0.012169594876468182,7.414522171020508
996,5.668990769164533e-15,3.001856157425209e-06,0.012139174155890942,7.405251502990723
997,6.5462039238459776e-15,3.2433445085189305e-06,0.012109181843698025,7.396099090576172
998,5.811537943857959e-15,3.109224962827284e-06,0.012079475447535515,7.38702392578125
999,6.601029825422907e-15,3.3202777558472008e-06,0.012050237506628036,7.378081321716309
