epoch,loss,mape,val_loss,val_mape
0,2.286785125732422,100.41847229003906,2.2044079303741455,99.8890151977539
1,1.6051394939422607,83.09754943847656,2.1994802951812744,99.7743148803711
2,1.047782301902771,65.71510314941406,2.1934027671813965,99.6323471069336
3,0.6176366209983826,48.49737548828125,2.1857526302337646,99.45292663574219
4,0.3108946979045868,32.080928802490234,2.176318645477295,99.23133087158203
5,0.1370156854391098,19.845558166503906,2.1655147075653076,98.97737884521484
6,0.06138975918292999,13.928717613220215,2.1543796062469482,98.71601867675781
7,0.08118113875389099,17.668569564819336,2.1450343132019043,98.49817657470703
8,0.12585756182670593,23.23424530029297,2.1388583183288574,98.35598754882812
9,0.19156454503536224,29.497987747192383,2.136770486831665,98.31094360351562
10,0.13418811559677124,24.67686653137207,2.1372432708740234,98.32679748535156
11,0.17256246507167816,27.74440574645996,2.1410183906555176,98.41878509521484
12,0.11240445822477341,21.834983825683594,2.146256923675537,98.54310607910156
13,0.08382616937160492,18.309017181396484,2.1528477668762207,98.69482421875
14,0.016959156841039658,6.747347831726074,2.1581597328186035,98.8169174194336
15,0.04143693298101425,12.110843658447266,2.160512924194336,98.87054443359375
16,0.04386592656373978,12.29253101348877,2.160122871398926,98.8606948852539
17,0.028684427961707115,10.043793678283691,2.159615993499756,98.8465576171875
18,0.03959354758262634,11.642934799194336,2.157006025314331,98.78451538085938
19,0.02510961703956127,9.43626880645752,2.1534295082092285,98.69898223876953
20,0.022544410079717636,8.985671997070312,2.1491127014160156,98.59550476074219
21,0.019417496398091316,8.26137924194336,2.1448042392730713,98.49083709716797
22,0.019896384328603745,7.61726188659668,2.141493558883667,98.40760040283203
23,0.015415417961776257,6.564784049987793,2.1385512351989746,98.33231353759766
24,0.010889580473303795,5.589811325073242,2.1359646320343018,98.26473236083984
25,0.01000974141061306,4.727647304534912,2.134429931640625,98.22016143798828
26,0.008768433704972267,5.812807559967041,2.1312520503997803,98.13861846923828
27,0.004864274524152279,3.4547011852264404,2.128565788269043,98.0683822631836
28,0.00379662262275815,3.040417194366455,2.1267614364624023,98.01799774169922
29,0.003104245522990823,2.972153902053833,2.1249618530273438,97.96809387207031
30,0.003472269279882312,3.6607418060302734,2.12213397026062,97.89514923095703
31,0.00288769300095737,3.2080705165863037,2.1194634437561035,97.82574462890625
32,0.0029595112428069115,3.2852425575256348,2.1165287494659424,97.75064086914062
33,0.003018643707036972,3.3283050060272217,2.113367795944214,97.67074584960938
34,0.003032243810594082,3.3450756072998047,2.1100516319274902,97.58769989013672
35,0.002987377345561981,3.341444969177246,2.1066629886627197,97.50343322753906
36,0.0028868187218904495,3.2717783451080322,2.103593111038208,97.42749786376953
37,0.0029294872656464577,3.252479076385498,2.100616931915283,97.354248046875
38,0.0024252498988062143,3.016434907913208,2.0977039337158203,97.28219604492188
39,0.0024024448357522488,2.9793479442596436,2.094106912612915,97.19389343261719
40,0.002966023050248623,2.7768642902374268,2.0904998779296875,97.10652923583984
41,0.0016056742751970887,2.317840337753296,2.0868310928344727,97.01795959472656
42,0.0021760568488389254,2.870816946029663,2.083038806915283,96.92427825927734
43,0.0017256403807550669,1.9948484897613525,2.0799269676208496,96.84798431396484
44,0.0013455222360789776,1.801405668258667,2.0762813091278076,96.75865936279297
45,0.0013242366258054972,1.7704198360443115,2.0721540451049805,96.65864562988281
46,0.0008765346719883382,1.627579689025879,2.0681233406066895,96.560302734375
47,0.0007537174387834966,1.5614659786224365,2.0634067058563232,96.44509887695312
48,0.0007864132639952004,1.7269481420516968,2.059875011444092,96.35792541503906
49,0.0007769596995785832,1.7306920289993286,2.0564422607421875,96.2727279663086
50,0.0006207759724929929,1.4109711647033691,2.0527777671813965,96.18213653564453
51,0.0009072220418602228,1.8045053482055664,2.050015687942505,96.11193084716797
52,0.0007511863950639963,1.6194956302642822,2.0478949546813965,96.05691528320312
53,0.0008545663440600038,1.6581604480743408,2.0461339950561523,96.01094818115234
54,0.0004145677376072854,1.2498412132263184,2.0448036193847656,95.97509765625
55,0.0005534384399652481,1.371078610420227,2.0432636737823486,95.93482971191406
56,0.0005201476742513478,1.3416930437088013,2.041361093521118,95.88600158691406
57,0.001215648022480309,2.119457244873047,2.0378189086914062,95.79820251464844
58,0.0003840161662083119,1.185835361480713,2.034158945083618,95.70726776123047
59,0.0003686189011204988,1.0196157693862915,2.030904531478882,95.62655639648438
60,0.000222243121243082,0.8959138989448547,2.0277068614959717,95.5468978881836
61,0.00020035705529153347,0.8453402519226074,2.0245258808135986,95.46781921386719
62,0.0005888891755603254,1.34758460521698,2.0212366580963135,95.38567352294922
63,0.00016875786241143942,0.7977085113525391,2.018564462661743,95.31841278076172
64,0.0001538247161079198,0.7609108686447144,2.015805244445801,95.24919128417969
65,0.00014179798017721623,0.6979228258132935,2.0130481719970703,95.18022155761719
66,0.0002424134872853756,0.8402302861213684,2.01119327545166,95.13333129882812
67,0.00013801860040985048,0.6576860547065735,2.009308338165283,95.08551025390625
68,0.00014444836415350437,0.6963580250740051,2.0070133209228516,95.02766418457031
69,0.0001273589296033606,0.6483629941940308,2.0048177242279053,94.97241973876953
70,0.0010830459650605917,2.103747606277466,2.001561403274536,94.8915023803711
71,0.00013615237548947334,0.6689038872718811,1.9986597299575806,94.81886291503906
72,0.00028271813062019646,0.9743685722351074,1.99534273147583,94.73623657226562
73,7.095166074577719e-05,0.5024277567863464,1.9924112558364868,94.6625747680664
74,0.00011117402027593926,0.612419068813324,1.9899312257766724,94.59986114501953
75,0.00034939221222884953,1.1507508754730225,1.988213300704956,94.55570220947266
76,0.00019124092068523169,0.8170579671859741,1.9871306419372559,94.5270004272461
77,8.185017213691026e-05,0.5272140502929688,1.986598253250122,94.5117416381836
78,0.00033348187571391463,1.1502009630203247,1.9862693548202515,94.50161743164062
79,0.00036705119418911636,1.2322834730148315,1.9852123260498047,94.4736328125
80,0.0005314406007528305,1.5087499618530273,1.9830355644226074,94.41837310791016
81,0.000412045483244583,1.3190124034881592,1.9799389839172363,94.34061431884766
82,3.931996616302058e-05,0.3524981439113617,1.9768987894058228,94.26445007324219
83,6.397390825441107e-05,0.4479803144931793,1.9738659858703613,94.18883514404297
84,4.276433173799887e-05,0.36779311299324036,1.9711252450942993,94.119873046875
85,0.0001279322023037821,0.7151278853416443,1.9690141677856445,94.0663833618164
86,2.5253173589590006e-05,0.2859693765640259,1.9670875072479248,94.01769256591797
87,2.2887759769218974e-05,0.2650940418243408,1.9649652242660522,93.96417999267578
88,0.00033743801759555936,1.2080833911895752,1.9641506671905518,93.94286346435547
89,0.00016750894428696483,0.8428939580917358,1.9635770320892334,93.92721557617188
90,5.9725818573497236e-05,0.44686803221702576,1.9632720947265625,93.91836547851562
91,2.1151623514015228e-05,0.26077452301979065,1.963185429573059,93.91510772705078
92,6.730759923812002e-05,0.5163134336471558,1.962237000465393,93.89032745361328
93,0.0001259386190213263,0.733984112739563,1.9607099294662476,93.85131072998047
94,1.852820787462406e-05,0.24222545325756073,1.9591765403747559,93.81232452392578
95,0.00010124919208465144,0.6562838554382324,1.9570854902267456,93.75938415527344
96,4.349830487626605e-05,0.41059932112693787,1.9547395706176758,93.70010375976562
97,5.276202136883512e-05,0.4468766450881958,1.9528428316116333,93.652099609375
98,9.55254836298991e-06,0.1702878624200821,1.951085090637207,93.60750579833984
99,2.184161166951526e-05,0.27989229559898376,1.9494723081588745,93.56636810302734
100,0.00010863255738513544,0.6661645770072937,1.9476531744003296,93.52055358886719
101,7.185316644608974e-05,0.5557618737220764,1.9462089538574219,93.48381805419922
102,0.0008699337486177683,1.975347638130188,1.9456926584243774,93.47020721435547
103,8.626404451206326e-06,0.16747021675109863,1.9454150199890137,93.46234130859375
104,0.0005663090269081295,1.5901920795440674,1.943646788597107,93.41805267333984
105,6.63859027554281e-05,0.5142835974693298,1.9421299695968628,93.37987518310547
106,2.782700175885111e-05,0.33497118949890137,1.9405986070632935,93.34123992919922
107,0.0003245608531869948,1.1787352561950684,1.938454508781433,93.28767395019531
108,0.0001738748251227662,0.8705224990844727,1.9355179071426392,93.2143325805664
109,0.0002294764999533072,0.9919148683547974,1.9324740171432495,93.13851165771484
110,8.695253927726299e-05,0.5962157845497131,1.9297541379928589,93.07037353515625
111,0.0001981541863642633,0.9321880340576172,1.9279671907424927,93.02515411376953
112,0.0001294101821258664,0.7365877032279968,1.9270840883255005,93.0024185180664
113,0.00020011054584756494,0.9399482011795044,1.9264475107192993,92.98541259765625
114,0.0005732121644541621,1.6009937524795532,1.9270012378692627,92.9978256225586
115,3.391774225747213e-05,0.35259580612182617,1.927502155303955,93.0091323852539
116,3.820662823272869e-05,0.3945170044898987,1.927958369255066,93.01947784423828
117,0.00014002462557982653,0.777998149394989,1.9274951219558716,93.00697326660156
118,0.0010626050643622875,2.1787843704223633,1.9258124828338623,92.96415710449219
119,8.152389636961743e-05,0.5939295291900635,1.9238388538360596,92.91397094726562
120,2.5058581741177477e-05,0.3016405701637268,1.9215444326400757,92.85565948486328
121,2.3619657440576702e-05,0.29996007680892944,1.9196316003799438,92.80670166015625
122,7.860610639909282e-05,0.5836541056632996,1.9183311462402344,92.7730484008789
123,0.0004189735045656562,1.3390346765518188,1.915999412536621,92.71473693847656
124,0.00025332195218652487,1.0712331533432007,1.9149303436279297,92.68775939941406
125,0.00012406283349264413,0.6948502659797668,1.9143362045288086,92.673095703125
126,0.00022152255405671895,1.0022697448730469,1.9145796298980713,92.67896270751953
127,0.0002672458067536354,1.0991979837417603,1.9158285856246948,92.71024322509766
128,0.000350040354533121,1.1852277517318726,1.917108416557312,92.74127197265625
129,6.427989865187556e-05,0.5058174729347229,1.9182674884796143,92.76983642578125
130,0.00022375647677108645,1.004784107208252,1.918603539466858,92.77781677246094
131,0.00028727229801006615,1.1325410604476929,1.9176535606384277,92.75379180908203
132,4.411105692270212e-05,0.3917022943496704,1.916883111000061,92.73406982421875
133,0.000672218797262758,1.7410606145858765,1.914637804031372,92.67857360839844
134,0.0004447892715688795,1.4137414693832397,1.9111113548278809,92.59059143066406
135,3.0490791687043384e-05,0.30350154638290405,1.9075243473052979,92.50092315673828
136,8.899910426407587e-06,0.16493847966194153,1.904400110244751,92.42269134521484
137,1.8012075088336132e-05,0.23667369782924652,1.9015824794769287,92.35224914550781
138,0.00027898681582883,1.1171791553497314,1.9001182317733765,92.31551361083984
139,0.0003429758071433753,1.243428111076355,1.9001210927963257,92.31562805175781
140,0.00021518711582757533,0.9819244742393494,1.9011573791503906,92.34169006347656
141,4.818821616936475e-05,0.45069536566734314,1.9025291204452515,92.37614440917969
142,8.412652277911548e-06,0.17095641791820526,1.9035365581512451,92.40139770507812
143,7.856522279325873e-05,0.5125330686569214,1.9038861989974976,92.41036987304688
144,0.00013130027218721807,0.7551736831665039,1.9038485288619995,92.40961456298828
145,0.00027735260664485395,1.1079729795455933,1.9028772115707397,92.38554382324219
146,1.0483016012585722e-05,0.1815519481897354,1.9016966819763184,92.35589599609375
147,0.00015252127195708454,0.8315852880477905,1.8998631238937378,92.30968475341797
148,0.000524878385476768,1.5204490423202515,1.899652361869812,92.30386352539062
149,3.309750900371e-05,0.3514801561832428,1.900166630744934,92.31653594970703
150,9.058112482307479e-05,0.6094766855239868,1.9003266096115112,92.32040405273438
151,0.0001257029507542029,0.7472472190856934,1.8991868495941162,92.29124450683594
152,6.427744665415958e-05,0.5274219512939453,1.8975027799606323,92.24838256835938
153,9.479075743001886e-06,0.1732165515422821,1.8959083557128906,92.20781707763672
154,0.0004916040925309062,1.4923864603042603,1.8958122730255127,92.20468139648438
155,0.00047734263353049755,1.46194589138031,1.8971761465072632,92.23799896240234
156,0.0003392099170014262,1.2251274585723877,1.8993699550628662,92.2919921875
157,0.0004201718547847122,1.380894660949707,1.8999494314193726,92.30535888671875
158,0.000102077035990078,0.6682382822036743,1.9000389575958252,92.30677795410156
159,0.00013163441326469183,0.7663833498954773,1.8988118171691895,92.27506256103516
160,0.0006283139809966087,1.6904687881469727,1.8960860967636108,92.20549774169922
161,0.00026448009884916246,1.0918688774108887,1.892354130744934,92.11051177978516
162,3.4697113733273e-05,0.3546984791755676,1.8892780542373657,92.03227996826172
163,0.0006867428310215473,1.766714096069336,1.8881802558898926,92.00391387939453
164,0.0006898474530316889,1.7715400457382202,1.8889751434326172,92.0235366821289
165,0.00026844002422876656,1.0732990503311157,1.8899624347686768,92.04759216308594
166,0.00020765740191563964,0.9217429757118225,1.89163076877594,92.08857727050781
167,1.8991355318576097e-05,0.2361697554588318,1.8931856155395508,92.12667846679688
168,0.0016230185283347964,2.71751070022583,1.8932340145111084,92.12737274169922
169,0.0005338240880519152,1.5565801858901978,1.8915836811065674,92.08512115478516
170,8.25126189738512e-05,0.5880964994430542,1.8890647888183594,92.0209732055664
171,1.3337946256797295e-05,0.2027411013841629,1.8870048522949219,91.96845245361328
172,0.00017352469149045646,0.8593042492866516,1.8857629299163818,91.93653869628906
173,7.134940096875653e-05,0.46421465277671814,1.883409857749939,91.87623596191406
174,0.00010762331658042967,0.6316113471984863,1.8818509578704834,91.83673858642578
175,9.642261284170672e-05,0.6274207830429077,1.880920648574829,91.81318664550781
176,0.0004511105362325907,1.4166865348815918,1.880513310432434,91.8021240234375
177,9.210746065946296e-05,0.6143906116485596,1.8812527656555176,91.82012176513672
178,0.00010502577788429335,0.6520133018493652,1.882317304611206,91.84625244140625
179,9.320393473899458e-06,0.16747333109378815,1.8834795951843262,91.87493133544922
180,0.0001321350282523781,0.7602440118789673,1.8837884664535522,91.88209533691406
181,0.00011802357767010108,0.7273719906806946,1.8832576274871826,91.8677749633789
182,0.0001084882824216038,0.6897618174552917,1.8818295001983643,91.8310317993164
183,4.270422869012691e-05,0.43401744961738586,1.8802833557128906,91.7911148071289
184,4.101671947864816e-06,0.11669255048036575,1.8787480592727661,91.75146484375
185,4.410939436638728e-05,0.3741767704486847,1.8775039911270142,91.71945190429688
186,2.220477290393319e-05,0.2586301565170288,1.876053810119629,91.68196105957031
187,0.0003110351099167019,1.1688711643218994,1.876030683517456,91.68054962158203
188,8.223217446357012e-05,0.5778782367706299,1.8763865232467651,91.6884536743164
189,1.9341803636052646e-05,0.2769184410572052,1.877043604850769,91.7040023803711
190,0.0006535497377626598,1.697513222694397,1.876178503036499,91.68141174316406
191,6.832328836026136e-06,0.1509123593568802,1.875504493713379,91.66353607177734
192,7.456746516254498e-06,0.15625306963920593,1.8751730918884277,91.65470886230469
193,7.0916867116466165e-06,0.1490374058485031,1.8744772672653198,91.63645935058594
194,2.759362178039737e-05,0.33213338255882263,1.874261736869812,91.63023376464844
195,9.08667152543785e-06,0.17364852130413055,1.8740571737289429,91.6245346069336
196,1.926359072967898e-05,0.27560070157051086,1.8739231824874878,91.62039947509766
197,1.3551139090850484e-05,0.21389928460121155,1.8735407590866089,91.61012268066406
198,8.05688978289254e-06,0.17177894711494446,1.8733932971954346,91.6057357788086
199,0.00013408754603005946,0.7635238766670227,1.873930811882019,91.61878204345703
200,7.1048880272428505e-06,0.16729137301445007,1.8740085363388062,91.62003326416016
201,2.889759161917027e-05,0.3573828637599945,1.873799443244934,91.61404418945312
202,0.00017224416660610586,0.87613445520401,1.8730660676956177,91.5950698852539
203,1.5362826161435805e-05,0.2559010982513428,1.8720349073410034,91.56836700439453
204,1.0307671800546814e-06,0.05634573847055435,1.8710473775863647,91.54283142089844
205,3.8361333281500265e-05,0.39149904251098633,1.8704487085342407,91.52735137939453
206,7.30372776160948e-05,0.544184684753418,1.8702856302261353,91.52291107177734
207,1.0936691069218796e-05,0.21841293573379517,1.8702192306518555,91.5206527709961
208,4.6068671508692205e-05,0.4299321174621582,1.8695533275604248,91.50350952148438
209,3.16294826916419e-05,0.3653166592121124,1.8695887327194214,91.50418853759766
210,5.8718680520541966e-05,0.500563383102417,1.8686431646347046,91.48004913330078
211,4.1144812712445855e-05,0.39533674716949463,1.8675117492675781,91.45121765136719
212,5.0002166972262785e-05,0.41781550645828247,1.8662147521972656,91.41837310791016
213,6.455718448705738e-06,0.14141279458999634,1.8649555444717407,91.38642883300781
214,0.00011330480629112571,0.7087889909744263,1.8644399642944336,91.37321472167969
215,6.30025242571719e-05,0.51882004737854,1.8644945621490479,91.37458038330078
216,3.0067589250393212e-05,0.34639567136764526,1.8647880554199219,91.3819351196289
217,4.805733624380082e-06,0.12247762829065323,1.864711046218872,91.37979125976562
218,6.128147651907057e-05,0.4931148290634155,1.8638941049575806,91.35901641845703
219,2.5351528165629134e-05,0.30398863554000854,1.8631607294082642,91.34059143066406
220,1.0927460607490502e-05,0.19596803188323975,1.8625481128692627,91.3250732421875
221,5.956460881861858e-05,0.4929049015045166,1.861713171005249,91.3041000366211
222,5.167065864952747e-06,0.12565363943576813,1.860911250114441,91.28389739990234
223,3.0227680326788686e-05,0.3399222493171692,1.8602031469345093,91.26595306396484
224,0.00015498702123295516,0.8338239192962646,1.8604146242141724,91.2712631225586
225,5.372613486542832e-06,0.13431593775749207,1.8607735633850098,91.28050994873047
226,9.576732736604754e-06,0.17220380902290344,1.8611640930175781,91.290771484375
227,1.1885656931553967e-05,0.2007298618555069,1.8615056276321411,91.29969787597656
228,1.663967668719124e-05,0.2569287419319153,1.8614453077316284,91.29827880859375
229,9.849450179899577e-06,0.17401573061943054,1.8611061573028564,91.28961944580078
230,1.5746440112707205e-05,0.24656865000724792,1.8608992099761963,91.28437042236328
231,5.7283723435830325e-06,0.13228213787078857,1.860291838645935,91.26888275146484
232,1.4501028999802656e-05,0.21195800602436066,1.8599348068237305,91.2596435546875
233,8.639176485303324e-06,0.18357285857200623,1.859881043434143,91.25802612304688
234,1.081194932339713e-05,0.20093920826911926,1.8597898483276367,91.25567626953125
235,6.664693501079455e-05,0.515738844871521,1.8594846725463867,91.24819946289062
236,3.0135824999888428e-05,0.312642902135849,1.8591208457946777,91.23908233642578
237,0.00012836263340432197,0.7440887093544006,1.859410285949707,91.24632263183594
238,6.811164439568529e-06,0.14647699892520905,1.859595775604248,91.25093078613281
239,4.459892352315364e-06,0.11830311268568039,1.8599801063537598,91.26041412353516
240,6.7623454924614634e-06,0.14317095279693604,1.8601866960525513,91.26565551757812
241,1.6190439055208117e-05,0.23589099943637848,1.8603540658950806,91.26969909667969
242,1.3157836292521097e-05,0.2100667953491211,1.8601104021072388,91.26325225830078
243,1.747020178299863e-05,0.2628748416900635,1.8597455024719238,91.25364685058594
244,3.482629472273402e-05,0.33981114625930786,1.859399437904358,91.24431610107422
245,9.620944183552638e-06,0.18741846084594727,1.8592634201049805,91.24034881591797
246,6.011938694427954e-06,0.145064115524292,1.8589974641799927,91.23309326171875
247,1.1647342034848407e-05,0.2046349048614502,1.8587491512298584,91.22650909423828
248,7.403916242765263e-05,0.5379884243011475,1.8584861755371094,91.22012329101562
249,1.208975118061062e-05,0.21926146745681763,1.8582680225372314,91.21463012695312
250,7.233641372295097e-05,0.5216618180274963,1.858574628829956,91.22250366210938
251,6.891528755659238e-05,0.5580266118049622,1.859154462814331,91.23704528808594
252,9.589442015567329e-06,0.16963627934455872,1.8597815036773682,91.25321197509766
253,9.88657666312065e-06,0.18959683179855347,1.860675573348999,91.27595520019531
254,1.9209108359063976e-05,0.2645128071308136,1.8611658811569214,91.28846740722656
255,3.931532319256803e-06,0.11005840450525284,1.8614535331726074,91.2955093383789
256,0.00022775852994527668,0.965135931968689,1.8609145879745483,91.28197479248047
257,7.014845323283225e-06,0.1459076702594757,1.8605738878250122,91.27339935302734
258,3.5366752854315564e-05,0.36394140124320984,1.8605414628982544,91.27250671386719
259,2.085452069877647e-05,0.27050814032554626,1.8602310419082642,91.26490020751953
260,6.545550604641903e-06,0.14089435338974,1.8602144718170166,91.26460266113281
261,9.932395187206566e-05,0.647540271282196,1.8607209920883179,91.27726745605469
262,1.873151632025838e-05,0.26163920760154724,1.8610934019088745,91.28629302978516
263,5.339859126252122e-05,0.43014684319496155,1.860896348953247,91.28141784667969
264,3.1579638744005933e-06,0.09781229496002197,1.8607655763626099,91.27790832519531
265,4.7742855713295285e-06,0.12467674911022186,1.8605241775512695,91.27157592773438
266,6.569720426341519e-05,0.491129606962204,1.8592171669006348,91.23847198486328
267,4.127657575736521e-06,0.1112348660826683,1.8586058616638184,91.22305297851562
268,3.834967628790764e-06,0.1050538495182991,1.8580636978149414,91.20942687988281
269,8.005916242836975e-06,0.15659542381763458,1.8571527004241943,91.1864242553711
270,4.836863354285015e-06,0.1209540069103241,1.856288194656372,91.16458892822266
271,9.677120942797046e-06,0.17260593175888062,1.8558320999145508,91.15338897705078
272,6.625909736612812e-05,0.5150578618049622,1.8548531532287598,91.12911224365234
273,5.6743334425846115e-05,0.4959811866283417,1.8545211553573608,91.12103271484375
274,6.197850598255172e-05,0.5147019624710083,1.8546922206878662,91.12564086914062
275,0.0003856440307572484,1.2930399179458618,1.8555155992507935,91.1462173461914
276,9.48839897318976e-06,0.16694842278957367,1.8567920923233032,91.17850494384766
277,1.1276652912783902e-05,0.1921079307794571,1.858093023300171,91.2112808227539
278,0.00010213768837274984,0.6760536432266235,1.8582727909088135,91.2152328491211
279,0.0001241071440745145,0.7492712140083313,1.8576496839523315,91.19869232177734
280,7.433144492097199e-05,0.5768238306045532,1.856451153755188,91.16748046875
281,1.4246515092963818e-05,0.23841162025928497,1.8550697565078735,91.13162994384766
282,1.1353864465490915e-05,0.1880830079317093,1.853558897972107,91.09280395507812
283,5.945671000517905e-05,0.5175222158432007,1.8528772592544556,91.07506561279297
284,8.198274008464068e-05,0.583724319934845,1.8527534008026123,91.07173919677734
285,0.00021338598162401468,0.9428969621658325,1.8535751104354858,91.09207153320312
286,1.3577856407209765e-05,0.2133607417345047,1.8547827005386353,91.12274932861328
287,1.6944122762652114e-05,0.24518941342830658,1.8558553457260132,91.14994049072266
288,2.5508236376481364e-06,0.08683136850595474,1.8569544553756714,91.1776123046875
289,1.4839934920019004e-05,0.24424488842487335,1.8576728105545044,91.19551849365234
290,2.8534297598525882e-05,0.3514978587627411,1.8579292297363281,91.20159149169922
291,0.0004968981957063079,1.4728463888168335,1.8560541868209839,91.15375518798828
292,3.557006493792869e-06,0.1046200767159462,1.8545492887496948,91.11528778076172
293,4.684627856477164e-05,0.45039987564086914,1.8537752628326416,91.09528350830078
294,0.00019525946117937565,0.8985512256622314,1.8513076305389404,91.03231811523438
295,6.534400745294988e-05,0.5303347110748291,1.8501185178756714,91.00236511230469
296,0.0003574347065296024,1.2731549739837646,1.8503001928329468,91.00704193115234
297,1.1631786037469283e-05,0.18823011219501495,1.8506022691726685,91.01515197753906
298,0.00013670780754182488,0.7649189233779907,1.8516076803207397,91.0408706665039
299,5.990972931613214e-05,0.5032107830047607,1.8531912565231323,91.08094787597656
300,2.9257157621032093e-06,0.09403277933597565,1.8546123504638672,91.11675262451172
301,4.67712088720873e-05,0.4598424434661865,1.8553636074066162,91.13544464111328
302,0.00011283979256404564,0.7212197780609131,1.8552110195159912,91.131103515625
303,0.0001655980886425823,0.870254635810852,1.8542743921279907,91.10697937011719
304,4.5244814828038216e-05,0.45069557428359985,1.8527796268463135,91.06857299804688
305,2.27615782932844e-06,0.08346068859100342,1.8513140678405762,91.03096008300781
306,2.255887557112146e-05,0.3141067326068878,1.8503210544586182,91.00546264648438
307,0.0011266072979196906,2.2621920108795166,1.8513544797897339,91.03208923339844
308,3.6072171951673226e-06,0.11287803202867508,1.8524235486984253,91.05976104736328
309,2.482314084772952e-05,0.2931930124759674,1.853380799293518,91.08484649658203
310,8.769244595896453e-05,0.6287531852722168,1.853356122970581,91.08464813232422
311,0.00010470409324625507,0.6766265630722046,1.852463722229004,91.06216430664062
312,6.924428453203291e-05,0.5577893853187561,1.8511457443237305,91.02876281738281
313,0.0001612902997294441,0.8385355472564697,1.8492801189422607,90.98179626464844
314,1.822952981456183e-05,0.271933376789093,1.8477905988693237,90.94414520263672
315,4.7370369429700077e-05,0.45670419931411743,1.8467984199523926,90.91923522949219
316,0.0001642323040869087,0.8607988953590393,1.8469154834747314,90.92264556884766
317,1.7257370927836746e-05,0.25590938329696655,1.8475420475006104,90.9391860961914
318,8.156186231644824e-05,0.599678635597229,1.8484301567077637,90.9621810913086
319,1.654856350796763e-05,0.2543126344680786,1.8495054244995117,90.98986053466797
320,0.0001116115745389834,0.7096241116523743,1.8503352403640747,91.01141357421875
321,1.4048509910935536e-05,0.21013140678405762,1.850847840309143,91.02470397949219
322,1.1776568499044515e-05,0.19256050884723663,1.8513669967651367,91.03787994384766
323,9.480302833253518e-05,0.6587293744087219,1.8512616157531738,91.03487396240234
324,3.5392617974139284e-06,0.10471505671739578,1.850998878479004,91.02788543701172
325,0.00041832440183497965,1.3519611358642578,1.8496263027191162,90.99282836914062
326,1.0218328498012852e-05,0.19578400254249573,1.8482255935668945,90.95692443847656
327,1.090525165636791e-05,0.18629644811153412,1.8470021486282349,90.92595672607422
328,0.00010179296077694744,0.6828957200050354,1.846422553062439,90.91136169433594
329,0.00015772633196320385,0.8511476516723633,1.8468523025512695,90.92269897460938
330,0.00011450085730757564,0.7228863835334778,1.8480604887008667,90.95402526855469
331,3.117516826023348e-05,0.3701880872249603,1.8495687246322632,90.99297332763672
332,1.979812168428907e-06,0.07941319048404694,1.8508449792861938,91.02584838867188
333,0.0007699474226683378,1.8649171590805054,1.8507660627365112,91.02394104003906
334,0.00014806597027927637,0.7938786149024963,1.8509252071380615,91.02780151367188
335,7.15403220965527e-05,0.5603393912315369,1.8502644300460815,91.01075744628906
336,8.942638487496879e-06,0.18524277210235596,1.8495866060256958,90.99299621582031
337,4.965278640156612e-05,0.4583585858345032,1.8484535217285156,90.96366882324219
338,1.7999544070335105e-05,0.26855722069740295,1.8476780652999878,90.94343566894531
339,0.00018884601013269275,0.9072673320770264,1.847772240638733,90.94532012939453
340,2.198576294176746e-05,0.3066837191581726,1.8483704328536987,90.96007537841797
341,8.907382834877353e-06,0.17865708470344543,1.8491963148117065,90.98089599609375
342,0.00013249086623545736,0.7696416974067688,1.850611925125122,91.01675415039062
343,1.9166272977599874e-05,0.24005798995494843,1.8517056703567505,91.04422760009766
344,0.00024036888498812914,1.047394037246704,1.8518614768981934,91.04789733886719
345,0.00036049450864084065,1.2752939462661743,1.8502733707427979,91.00757598876953
346,0.00013200481771491468,0.7702458500862122,1.8479387760162354,90.9478759765625
347,0.00035890977596864104,1.2600070238113403,1.8465806245803833,90.91301727294922
348,1.3670333828486037e-05,0.22569753229618073,1.8458822965621948,90.89515686035156
349,1.2584017895278521e-05,0.20471754670143127,1.8452086448669434,90.87783813476562
350,2.745403662629542e-06,0.09105966985225677,1.8447092771530151,90.86487579345703
351,2.4862752070475835e-06,0.08698466420173645,1.844187617301941,90.85137939453125
352,2.6351473934482783e-05,0.31950467824935913,1.843955159187317,90.8453140258789
353,2.0790863345609978e-05,0.28735285997390747,1.844072937965393,90.84814453125
354,1.7249913071282208e-05,0.2698189318180084,1.8440289497375488,90.84675598144531
355,1.7424768884666264e-05,0.25126174092292786,1.8442386388778687,90.85188293457031
356,6.159295298857614e-05,0.5195384621620178,1.8439301252365112,90.84381866455078
357,3.870367436320521e-05,0.41483262181282043,1.843049168586731,90.82106018066406
358,5.827483164466685e-06,0.13555452227592468,1.8424443006515503,90.80560302734375
359,1.3906301319366321e-05,0.20989754796028137,1.841856598854065,90.79057312011719
360,6.263508112169802e-06,0.13955157995224,1.841041088104248,90.76963806152344
361,0.00018746350542642176,0.8019046187400818,1.840294599533081,90.74884033203125
362,7.286284017027356e-06,0.16208569705486298,1.8410239219665527,90.7665023803711
363,4.603668458003085e-06,0.11760154366493225,1.8417575359344482,90.78429412841797
364,5.803899512102362e-06,0.13442231714725494,1.8423656225204468,90.79887390136719
365,5.8413763326825574e-05,0.49417844414711,1.8422753810882568,90.79602813720703
366,2.737237446126528e-05,0.30106493830680847,1.8425211906433105,90.80154418945312
367,5.429776592791313e-06,0.13078193366527557,1.842842936515808,90.80885314941406
368,6.256095366552472e-05,0.5076401233673096,1.8425428867340088,90.80056762695312
369,3.216109007553314e-06,0.10088101029396057,1.8424150943756104,90.796875
370,6.466153990913881e-06,0.1498197615146637,1.8424626588821411,90.7977066040039
371,2.3852213416830637e-05,0.2873917818069458,1.8421120643615723,90.78870391845703
372,4.888807234237902e-05,0.46860602498054504,1.842358112335205,90.7947006225586
373,4.690410787588917e-05,0.4546974301338196,1.8431364297866821,90.81417083740234
374,4.25864418502897e-05,0.41555267572402954,1.8442798852920532,90.84283447265625
375,6.770500931452261e-06,0.14548462629318237,1.8458739519119263,90.88297271728516
376,1.835402326832991e-05,0.27776163816452026,1.8467193841934204,90.90389251708984
377,3.29621288983617e-05,0.3699581027030945,1.8474842309951782,90.92313385009766
378,0.00010135555930901319,0.6556997299194336,1.8476160764694214,90.9267578125
379,5.3984498663339764e-05,0.47885122895240784,1.8469343185424805,90.90972137451172
380,2.1592659322777763e-06,0.08039279282093048,1.846373200416565,90.89556884765625
381,1.5829020412638783e-05,0.22371329367160797,1.8454593420028687,90.87251281738281
382,5.234447235125117e-05,0.47279903292655945,1.8456822633743286,90.87837982177734
383,7.505300891352817e-05,0.5785021185874939,1.8462612628936768,90.89302825927734
384,2.9785262086079456e-05,0.3455355167388916,1.8474136590957642,90.92218017578125
385,8.379411156056449e-06,0.16123729944229126,1.8484185934066772,90.94762420654297
386,3.505194399622269e-05,0.38012439012527466,1.8486480712890625,90.95343017578125
387,0.00011335244198562577,0.6883399486541748,1.8477922677993774,90.9317398071289
388,1.4049736819288228e-05,0.23639556765556335,1.8472224473953247,90.91756439208984
389,2.973203208966879e-06,0.09502976387739182,1.8465553522109985,90.90071105957031
390,6.2976159824756905e-06,0.1427811235189438,1.8461105823516846,90.88941955566406
391,3.0314083687699167e-06,0.09628913551568985,1.8454668521881104,90.87321472167969
392,7.456025741703343e-06,0.15328800678253174,1.845130443572998,90.86488342285156
393,5.2676081395475194e-05,0.4754370450973511,1.8453327417373657,90.87003326416016
394,4.4067804992664605e-05,0.4109010100364685,1.8448933362960815,90.85941314697266
395,1.8507389540900476e-05,0.27895987033843994,1.8450464010238647,90.86357116699219
396,2.349747774132993e-05,0.2970130741596222,1.8455030918121338,90.87548828125
397,2.8396088964655064e-06,0.09297952055931091,1.8458868265151978,90.88530731201172
398,3.118080257991096e-06,0.09650196135044098,1.8463108539581299,90.89613342285156
399,5.871404482604703e-06,0.13620798289775848,1.8468419313430786,90.90989685058594
400,3.333838321850635e-05,0.37592047452926636,1.8465391397476196,90.90211486816406
401,1.2638837688427884e-05,0.199714794754982,1.846394658088684,90.8982925415039
402,2.783169475151226e-05,0.3458412289619446,1.8459261655807495,90.88612365722656
403,8.011078534764238e-06,0.16956034302711487,1.8459089994430542,90.88555908203125
404,6.436972034862265e-05,0.4942460358142853,1.844585657119751,90.85189819335938
405,7.284687399078393e-06,0.15270854532718658,1.8437408208847046,90.83059692382812
406,7.173397170845419e-05,0.566112756729126,1.8434020280838013,90.82193756103516
407,5.564180810324615e-06,0.13898155093193054,1.8434172868728638,90.82223510742188
408,1.198922564071836e-05,0.20761913061141968,1.8437340259552002,90.83021545410156
409,1.670145593379857e-06,0.07097071409225464,1.8439185619354248,90.83476257324219
410,6.123022103565745e-06,0.14271283149719238,1.8436554670333862,90.82808685302734
411,2.974651761178393e-05,0.3484460711479187,1.8433713912963867,90.82106018066406
412,2.1100734102219576e-06,0.08206479996442795,1.8428665399551392,90.80812072753906
413,1.1844532536997576e-06,0.06021853908896446,1.8424406051635742,90.7971420288086
414,7.497235856135376e-06,0.1645044982433319,1.8420946598052979,90.78821563720703
415,4.43285534856841e-06,0.12512421607971191,1.8421430587768555,90.78914642333984
416,3.112426156803849e-06,0.10114558041095734,1.8423140048980713,90.79317474365234
417,8.286358934128657e-06,0.16637516021728516,1.8425660133361816,90.79947662353516
418,0.0002467920712660998,1.0350607633590698,1.843315839767456,90.81753540039062
419,5.826537380926311e-05,0.4902096390724182,1.8437411785125732,90.82809448242188
420,9.669748396845534e-05,0.6622722148895264,1.8432867527008057,90.8161392211914
421,2.765411409200169e-05,0.3357093334197998,1.8423597812652588,90.792236328125
422,0.00014786359679419547,0.7974643111228943,1.8409574031829834,90.75675201416016
423,3.705882818394457e-06,0.10681930184364319,1.8397213220596313,90.72550964355469
424,3.0391691325348802e-05,0.3505004942417145,1.8388588428497314,90.70372772216797
425,5.0871505663963035e-05,0.4733683168888092,1.8387012481689453,90.69964599609375
426,0.00011094415822299197,0.6993456482887268,1.8392243385314941,90.71286010742188
427,5.673677515005693e-05,0.48723459243774414,1.8402348756790161,90.7382583618164
428,5.990893441776279e-06,0.13609929382801056,1.8413797616958618,90.76726531982422
429,1.402640191372484e-05,0.24294058978557587,1.8420358896255493,90.78367614746094
430,0.00013961568765807897,0.7902269959449768,1.8411433696746826,90.76100158691406
431,9.572702401783317e-05,0.6523128747940063,1.8392850160598755,90.71393585205078
432,5.215931196289603e-06,0.13942363858222961,1.8375850915908813,90.67066192626953
433,9.20650563784875e-06,0.1938798725605011,1.836277961730957,90.63735961914062
434,2.246128315164242e-05,0.2911125421524048,1.8352348804473877,90.6108627319336
435,6.407888577086851e-05,0.5401386022567749,1.8351105451583862,90.60774230957031
436,6.013107122271322e-05,0.5241411924362183,1.8355687856674194,90.61945343017578
437,7.284165803866927e-06,0.15690374374389648,1.8364462852478027,90.64191436767578
438,2.8676786314463243e-06,0.09618216007947922,1.8370540142059326,90.65730285644531
439,1.0899741937464569e-05,0.1997743546962738,1.837684154510498,90.67350006103516
440,2.065530679828953e-05,0.2998047173023224,1.837347149848938,90.6650161743164
441,4.65472367068287e-05,0.46238550543785095,1.836645245552063,90.64708709716797
442,5.664392119797412e-06,0.13973800837993622,1.8355692625045776,90.61973571777344
443,3.545670779203647e-06,0.10321401059627533,1.8349764347076416,90.60487365722656
444,5.853833954461152e-06,0.15204843878746033,1.8346030712127686,90.59555053710938
445,2.395479214101215e-06,0.08557526022195816,1.8341587781906128,90.5844497680664
446,1.1315410120005254e-05,0.2180192917585373,1.8339518308639526,90.57926177978516
447,2.9212969820946455e-05,0.32827669382095337,1.833268165588379,90.5621566772461
448,5.042879820393864e-06,0.1231580302119255,1.832684874534607,90.54798126220703
449,3.630934952525422e-05,0.37745827436447144,1.831701397895813,90.5235824584961
450,8.408378926105797e-05,0.6127299070358276,1.8316774368286133,90.52328491210938
451,7.631896005477756e-05,0.5783904194831848,1.8324259519577026,90.54247283935547
452,2.8718237444991246e-05,0.3410894572734833,1.8335564136505127,90.57115936279297
453,4.177415030426346e-05,0.38758471608161926,1.8343758583068848,90.59170532226562
454,3.014023786818143e-05,0.3653873801231384,1.835151195526123,90.61094665527344
455,9.952297841664404e-05,0.6771767735481262,1.8349167108535767,90.60435485839844
456,8.786492981016636e-05,0.6173815131187439,1.833885669708252,90.57808685302734
457,4.739014548249543e-05,0.45914724469184875,1.8324168920516968,90.54045867919922
458,4.610932137438795e-06,0.12061372399330139,1.8311598300933838,90.50843811035156
459,1.4120488231128547e-05,0.2080470323562622,1.8292953968048096,90.46117401123047
460,4.678460754803382e-05,0.4622417092323303,1.8287140130996704,90.44673156738281
461,6.736715295119211e-05,0.5557131767272949,1.8289164304733276,90.45236206054688
462,4.594681377056986e-05,0.4503415822982788,1.8297375440597534,90.4739761352539
463,8.733376489544753e-06,0.1699434220790863,1.8303674459457397,90.49089050292969
464,6.568533535755705e-06,0.14022397994995117,1.8304858207702637,90.4947509765625
465,2.621904968691524e-05,0.34293654561042786,1.8306080102920532,90.49809265136719
466,3.9641981857130304e-05,0.4228978455066681,1.830176591873169,90.48738098144531
467,8.247751975432038e-05,0.5543753504753113,1.8299040794372559,90.47987365722656
468,1.2958199476997834e-05,0.20132562518119812,1.8296259641647339,90.47257232666016
469,1.2457886441552546e-05,0.1991782784461975,1.82913076877594,90.45967864990234
470,6.410573405446485e-05,0.5258901119232178,1.8284859657287598,90.44322967529297
471,5.9322352171875536e-05,0.49663856625556946,1.8272150754928589,90.41078186035156
472,2.8870717869722284e-05,0.3209754526615143,1.8254563808441162,90.3662338256836
473,1.1959281437157188e-05,0.19930922985076904,1.824244737625122,90.3357162475586
474,4.7367368097184226e-05,0.4547451138496399,1.8237097263336182,90.3226318359375
475,0.00015922666352707893,0.8502053022384644,1.8242307901382446,90.33648681640625
476,5.6690922065172344e-05,0.49775004386901855,1.8253716230392456,90.36612701416016
477,4.856356099480763e-06,0.12142965197563171,1.8262913227081299,90.38998413085938
478,4.0169197745854035e-05,0.42739957571029663,1.8267407417297363,90.40155792236328
479,7.74988075136207e-05,0.5975449085235596,1.826342225074768,90.39149475097656
480,3.347754318383522e-05,0.3802829086780548,1.8257170915603638,90.37604522705078
481,1.0898913387791254e-05,0.19198954105377197,1.8244212865829468,90.34380340576172
482,4.825491032534046e-06,0.13360950350761414,1.823418378829956,90.31845092773438
483,1.1859840014949441e-05,0.20252889394760132,1.8224332332611084,90.29376220703125
484,1.0241818927170243e-05,0.18592485785484314,1.8210786581039429,90.260986328125
485,2.9538878152379766e-05,0.36087751388549805,1.820934772491455,90.25776672363281
486,3.475038829492405e-05,0.37925511598587036,1.8209079504013062,90.25776672363281
487,5.006992523703957e-06,0.1261816918849945,1.820873498916626,90.25757598876953
488,3.130390496153268e-06,0.09748390316963196,1.8209877014160156,90.26093292236328
489,4.944416104990523e-06,0.12827324867248535,1.820775032043457,90.25630950927734
490,2.3112777853384614e-05,0.3181149363517761,1.8202131986618042,90.24246215820312
491,1.907444129756186e-05,0.2896602749824524,1.8192784786224365,90.21914672851562
492,3.0769504064664943e-06,0.09908204525709152,1.8179476261138916,90.18598175048828
493,1.068337610377057e-06,0.05698718503117561,1.8169503211975098,90.16114807128906
494,2.9266340789035894e-05,0.3486687242984772,1.8161267042160034,90.14131164550781
495,1.202389375976054e-05,0.1918124556541443,1.8143541812896729,90.09735107421875
496,1.0116679732163902e-05,0.1865600049495697,1.812989592552185,90.06417083740234
497,0.00019331158546265215,0.8890318870544434,1.8102763891220093,89.9984359741211
498,1.1724065188900568e-05,0.1861058473587036,1.808391809463501,89.95267486572266
499,0.00014266090875025839,0.797965943813324,1.8076977729797363,89.93708801269531
500,2.9562150302808732e-05,0.3237338364124298,1.8073418140411377,89.92987823486328
501,4.050148345413618e-05,0.4004775583744049,1.8055860996246338,89.8883285522461
502,1.3309630048752297e-05,0.20845545828342438,1.804785132408142,89.86949920654297
503,8.805694051261526e-06,0.16179673373699188,1.804205060005188,89.85564422607422
504,1.2399700608511921e-05,0.20639505982398987,1.802702784538269,89.81869506835938
505,2.1681509679183364e-05,0.29652103781700134,1.801400065422058,89.7863540649414
506,3.276636198279448e-05,0.35301756858825684,1.7984956502914429,89.71395111083984
507,9.323670383309945e-06,0.17876841127872467,1.7962539196014404,89.65895080566406
508,2.4702330847503617e-06,0.08883387595415115,1.794550895690918,89.61688232421875
509,1.1993644875474274e-05,0.20753872394561768,1.7925431728363037,89.56796264648438
510,4.54877590527758e-06,0.11996254324913025,1.791095495223999,89.5328140258789
511,8.57279337651562e-06,0.1692834347486496,1.788495659828186,89.46958923339844
512,2.127593234035885e-06,0.07816405594348907,1.7869740724563599,89.43267059326172
513,1.7221645975951105e-05,0.24487082660198212,1.7842180728912354,89.36483001708984
514,2.552532168920152e-05,0.3111494481563568,1.781254529953003,89.2916259765625
515,1.7706892094793147e-06,0.07553897053003311,1.7790472507476807,89.23700714111328
516,6.180349828355247e-06,0.15093538165092468,1.7770061492919922,89.18651580810547
517,0.00010874710278585553,0.683344304561615,1.7736296653747559,89.10282135009766
518,1.943397001014091e-05,0.25866878032684326,1.7697007656097412,89.00597381591797
519,1.3599777048511896e-05,0.21262988448143005,1.7657922506332397,88.90955352783203
520,4.7830701078055426e-05,0.45669788122177124,1.7633326053619385,88.8480224609375
521,5.9110188885824755e-06,0.13424965739250183,1.7584160566329956,88.7253189086914
522,4.085842374479398e-05,0.41848692297935486,1.7552742958068848,88.64608001708984
523,2.850261353160022e-06,0.09249816834926605,1.7510405778884888,88.53938293457031
524,3.3234832699235994e-06,0.10315275192260742,1.7477130889892578,88.45549011230469
525,2.465424950059969e-05,0.2963259518146515,1.7425355911254883,88.3250503540039
526,5.928363862039987e-06,0.1373666673898697,1.7372159957885742,88.1910629272461
527,0.00013254919031169266,0.7775729298591614,1.7335045337677002,88.09841918945312
528,9.315627721662167e-06,0.18156024813652039,1.7291594743728638,87.98992156982422
529,8.19104661786696e-06,0.15992358326911926,1.7234708070755005,87.84699249267578
530,2.9315746360225603e-05,0.34005215764045715,1.719870686531067,87.75704193115234
531,5.853455604665214e-06,0.13979798555374146,1.7175264358520508,87.69855499267578
532,5.640366907755379e-06,0.13279388844966888,1.7118040323257446,87.55418395996094
533,0.00011934754002140835,0.7407179474830627,1.7062621116638184,87.41287994384766
534,1.25785691125202e-05,0.208822101354599,1.700066089630127,87.25483703613281
535,3.961722086387454e-06,0.11042410880327225,1.693558692932129,87.08849334716797
536,1.8460805222275667e-05,0.2733478546142578,1.6870055198669434,86.92012023925781
537,4.618693310476374e-06,0.12772153317928314,1.6831380128860474,86.8207015991211
538,1.6855186913744546e-05,0.2687680125236511,1.6795135736465454,86.72795867919922
539,7.111102149792714e-06,0.14915914833545685,1.673949956893921,86.58544921875
540,2.1103320250404067e-05,0.27954593300819397,1.664744257926941,86.34943389892578
541,1.7037011275533587e-05,0.25501251220703125,1.6553384065628052,86.10791015625
542,1.6710733689251356e-05,0.25862178206443787,1.6490544080734253,85.9458236694336
543,8.288307071779855e-06,0.1790294349193573,1.6448720693588257,85.8379135131836
544,3.1361891160486266e-05,0.37689197063446045,1.6380786895751953,85.66131591796875
545,3.208962516509928e-05,0.3535560667514801,1.6292740106582642,85.43226623535156
546,7.338273462664802e-06,0.15656399726867676,1.6217035055160522,85.2345199584961
547,2.7219491585128708e-06,0.09148585051298141,1.6139582395553589,85.03160095214844
548,8.750305823923554e-06,0.1694345474243164,1.6065757274627686,84.83738708496094
549,8.495001566188876e-06,0.18547652661800385,1.6016442775726318,84.70710754394531
550,4.578170774038881e-06,0.13330228626728058,1.593176245689392,84.48351287841797
551,1.110241464630235e-05,0.1970822960138321,1.5707067251205444,83.88806915283203
552,8.548053301637992e-06,0.16377533972263336,1.5538474321365356,83.43841552734375
553,5.850990419276059e-06,0.14443255960941315,1.548756718635559,83.30233764648438
554,4.739630639960524e-06,0.12017323076725006,1.531181812286377,82.83059692382812
555,5.206461082707392e-06,0.12712462246418,1.4996966123580933,81.97789764404297
556,7.458492473233491e-05,0.5325543880462646,1.4789328575134277,81.41029357910156
557,7.142827143979957e-06,0.1587730497121811,1.4672185182571411,81.08837890625
558,3.7283931305864826e-05,0.39444059133529663,1.436961054801941,80.25035095214844
559,3.550394103513099e-05,0.3855677545070648,1.4308456182479858,80.0791244506836
560,2.230870450148359e-05,0.2990097999572754,1.4246407747268677,79.9046630859375
561,2.977511712742853e-06,0.09495186060667038,1.411705493927002,79.541015625
562,3.831516551144887e-06,0.10677303373813629,1.4012081623077393,79.24473571777344
563,5.962970135442447e-06,0.13483014702796936,1.3622404336929321,78.13748931884766
564,7.354144145210739e-06,0.16599224507808685,1.352280616760254,77.85187530517578
565,2.0375930034788325e-05,0.28473731875419617,1.3294845819473267,77.1948013305664
566,7.074257882777601e-05,0.5637807846069336,1.3244749307632446,77.05025482177734
567,3.6197710869600996e-05,0.3953019678592682,1.3197978734970093,76.91517639160156
568,3.310975807835348e-05,0.3769807517528534,1.3104249238967896,76.64230346679688
569,2.0845152448600857e-06,0.07904292643070221,1.3056023120880127,76.50111389160156
570,6.540772574226139e-06,0.16062107682228088,1.2941429615020752,76.16464233398438
571,1.0857889719773084e-05,0.20481236279010773,1.2797821760177612,75.74093627929688
572,4.695477400673553e-06,0.13854657113552094,1.2752071619033813,75.60448455810547
573,1.0808259958139388e-06,0.05890277773141861,1.2706999778747559,75.46994018554688
574,1.84309146789019e-06,0.07494615018367767,1.2562669515609741,75.04045104980469
575,4.6718691919522826e-06,0.12201954424381256,1.2399383783340454,74.55167388916016
576,3.819151970674284e-06,0.10530218482017517,1.2301759719848633,74.25820922851562
577,5.9962681007164065e-06,0.13653862476348877,1.2139678001403809,73.76853942871094
578,3.852685040328652e-06,0.10955458134412766,1.2051035165786743,73.49957275390625
579,1.826368497859221e-05,0.2786341905593872,1.1887401342391968,73.00006866455078
580,1.9270231859991327e-05,0.28626254200935364,1.1854380369186401,72.89928436279297
581,6.12351186646265e-06,0.1506538689136505,1.1822503805160522,72.8016357421875
582,1.9820699890260585e-05,0.2958377003669739,1.173769474029541,72.5401382446289
583,7.5242328421154525e-06,0.15689806640148163,1.1611140966415405,72.14791870117188
584,0.0007045306847430766,1.7520055770874023,1.1518290042877197,71.85694885253906
585,2.4122482500388287e-05,0.3231285810470581,1.1541335582733154,71.92787170410156
586,0.00014377392653841525,0.8061279654502869,1.161138892173767,72.1456527709961
587,0.00014635873958468437,0.8109930753707886,1.1676098108291626,72.34713745117188
588,7.857172022340819e-05,0.5795266032218933,1.1669753789901733,72.32874298095703
589,4.0339491533814e-06,0.11121763288974762,1.1586625576019287,72.07211303710938
590,4.655038355849683e-05,0.45705726742744446,1.162039875984192,72.17668914794922
591,8.275311847683042e-05,0.6111962795257568,1.1356064081192017,71.35118865966797
592,0.0006920634186826646,1.7628289461135864,1.1072090864181519,70.45266723632812
593,1.7850299627752975e-05,0.2510814368724823,1.0852347612380981,69.74925231933594
594,0.00010666482558008283,0.6948080658912659,1.0856889486312866,69.76348114013672
595,0.0002691584231797606,1.1053812503814697,1.080133080482483,69.58644104003906
596,0.00017718928575050086,0.8958851099014282,1.0824811458587646,69.66513061523438
597,0.007158861495554447,5.677298069000244,0.9999847412109375,66.9694595336914
598,0.00018144059868063778,0.899505078792572,0.9263659715652466,64.46541595458984
599,0.002961071440950036,3.697801351547241,0.8463332653045654,61.62050247192383
600,0.002697416115552187,3.529587745666504,0.7850799560546875,59.33966064453125
601,0.001177742495201528,2.319805383682251,0.7231619954109192,56.934635162353516
602,3.269729495514184e-05,0.3371806740760803,0.6543155312538147,54.13902282714844
603,0.00016078722546808422,0.836272656917572,0.5974593162536621,51.719329833984375
604,0.0016713753575459123,2.7858002185821533,0.543803870677948,49.337066650390625
605,0.001258868258446455,2.4164698123931885,0.5120404362678528,47.87806701660156
606,0.0006198723567649722,1.682493805885315,0.4755162298679352,46.14540481567383
607,0.0007363181794062257,1.8256065845489502,0.4312985837459564,43.948848724365234
608,2.97886708722217e-05,0.28857582807540894,0.39246127009391785,41.9185905456543
609,0.0005906241713091731,1.6497852802276611,0.3637555241584778,40.3430061340332
610,0.00033848383463919163,1.2474943399429321,0.34456148743629456,39.24397277832031
611,0.00014896620996296406,0.7922788858413696,0.29003068804740906,35.974327087402344
612,5.731112651119474e-06,0.12783470749855042,0.2400137186050415,32.69194793701172
613,7.920456118881702e-05,0.5855567455291748,0.22435322403907776,31.588224411010742
614,4.699941928265616e-05,0.4189911186695099,0.20773732662200928,30.383161544799805
615,0.0002976447285618633,1.1686848402023315,0.19782902300357819,29.648420333862305
616,0.00028631207533180714,1.1436562538146973,0.18420124053955078,28.611963272094727
617,8.307328243972734e-06,0.1593359112739563,0.17935095727443695,28.240808486938477
618,8.11147219792474e-06,0.1511652022600174,0.18070976436138153,28.356250762939453
619,6.94183909217827e-05,0.5589279532432556,0.181892529129982,28.45139503479004
620,0.00011889953748323023,0.7410113215446472,0.1826286017894745,28.504791259765625
621,7.623114652233198e-05,0.5889390707015991,0.17001372575759888,27.48686408996582
622,2.709507680265233e-05,0.34111496806144714,0.170830637216568,27.543094635009766
623,3.760213530767942e-06,0.09647715836763382,0.1723945289850235,27.66194725036621
624,0.0005722959176637232,1.575485110282898,0.16187581419944763,26.788715362548828
625,0.00020753830904141068,0.9770463109016418,0.15094099938869476,25.860017776489258
626,0.0008019549422897398,1.9277414083480835,0.14477595686912537,25.3326416015625
627,0.0003344413999002427,1.2415045499801636,0.15137994289398193,25.926485061645508
628,1.7381811630912125e-05,0.25196602940559387,0.1520104855298996,25.995975494384766
629,0.0003739135281648487,1.2971702814102173,0.1338645964860916,24.39083480834961
630,9.451775258639827e-05,0.6555354595184326,0.13356547057628632,24.364429473876953
631,0.0001036696121445857,0.679582953453064,0.13364587724208832,24.366710662841797
632,3.4826061892090365e-05,0.3732829689979553,0.13843832910060883,24.795000076293945
633,4.355545752332546e-05,0.40880924463272095,0.10932735353708267,22.000146865844727
634,4.8504814913030714e-05,0.43345460295677185,0.10499822348356247,21.548648834228516
635,0.00015878461999818683,0.8536548614501953,0.11050297319889069,22.11409568786621
636,0.00023847327975090593,1.0491291284561157,0.1082945466041565,21.89897918701172
637,0.00013561929517891258,0.7881919741630554,0.1074320375919342,21.824996948242188
638,2.2471936972578987e-05,0.31348690390586853,0.11650754511356354,22.751096725463867
639,4.7509907744824886e-05,0.40659210085868835,0.09506194293498993,20.54401969909668
640,5.802931991638616e-05,0.49440157413482666,0.07244882732629776,17.916902542114258
641,0.0002474420762155205,1.0686391592025757,0.07466275244951248,18.189559936523438
642,0.00028197618667036295,1.1404365301132202,0.07925957441329956,18.737016677856445
643,6.602927896892652e-05,0.5402407646179199,0.07943291962146759,18.745065689086914
644,9.477915227762423e-06,0.17777037620544434,0.08367122709751129,19.234142303466797
645,0.00019875647558365017,0.95326167345047,0.08396760374307632,19.266632080078125
646,0.00017511157784610987,0.9006912112236023,0.08585101366043091,19.4908447265625
647,4.601038745022379e-05,0.4544483423233032,0.09264049679040909,20.2667236328125
648,8.158678610925563e-06,0.17425549030303955,0.09972842782735825,21.04714584350586
649,3.9487269532401115e-05,0.4081217646598816,0.09982267767190933,21.066226959228516
650,1.9890163457603194e-05,0.28852567076683044,0.1058383509516716,21.700929641723633
651,2.3315518774325028e-05,0.3181450068950653,0.11151175945997238,22.27901268005371
652,1.86421639227774e-05,0.2810504734516144,0.10622022300958633,21.737699508666992
653,2.258352878925507e-06,0.0829080119729042,0.11151017248630524,22.271772384643555
654,4.0845123294275254e-05,0.4130498468875885,0.08933457732200623,19.915966033935547
655,2.1262618247419596e-05,0.2893299460411072,0.08678438514471054,19.625646591186523
656,0.00010610488970996812,0.6923072338104248,0.08237835019826889,19.119129180908203
657,3.088960875174962e-05,0.3634983003139496,0.07431444525718689,18.156234741210938
658,7.709218152740505e-06,0.1544623076915741,0.07241985201835632,17.926166534423828
659,0.0001077403940143995,0.6911877989768982,0.07027614861726761,17.658645629882812
660,0.0001578464434714988,0.8262597322463989,0.04783880338072777,14.543401718139648
661,1.7014412151183933e-05,0.25736358761787415,0.04385083168745041,13.91733169555664
662,0.00015900596918072551,0.8462632298469543,0.03522282466292381,12.449634552001953
663,4.909929702989757e-05,0.4520513713359833,0.032486606389284134,11.941012382507324
664,9.446898911846802e-05,0.6355927586555481,0.03078562207520008,11.611130714416504
665,1.9085990061284974e-05,0.27546265721321106,0.03011915646493435,11.478845596313477
666,3.0422123018070124e-05,0.3612789511680603,0.027193007990717888,10.89824104309082
667,7.593636109959334e-05,0.5916244983673096,0.03070029802620411,11.602919578552246
668,6.290734017966315e-05,0.5369616746902466,0.034855376929044724,12.388864517211914
669,2.3970984329935163e-05,0.31008848547935486,0.029086990281939507,11.313272476196289
670,3.546917923813453e-06,0.10311903804540634,0.027421433478593826,10.98823356628418
671,1.7113887224695645e-05,0.2638523578643799,0.031421415507793427,11.777535438537598
672,3.608623592299409e-05,0.4005145728588104,0.0352967232465744,12.489340782165527
673,3.325205034343526e-05,0.3863390386104584,0.039037030190229416,13.13530158996582
674,1.357539167656796e-05,0.24238944053649902,0.04275931045413017,13.746115684509277
675,5.101882834424032e-06,0.1235991045832634,0.04312451556324959,13.798803329467773
676,3.943138653994538e-05,0.4023148715496063,0.04034091904759407,13.335948944091797
677,2.3527860321337357e-05,0.3196275532245636,0.03737995773553848,12.831605911254883
678,6.742646655766293e-05,0.557607889175415,0.041649844497442245,13.561487197875977
679,5.3274325182428584e-05,0.4927200376987457,0.046529803425073624,14.35376262664795
680,1.64800640050089e-05,0.26653656363487244,0.05181093513965607,15.164995193481445
681,1.5280556908692233e-06,0.05961344391107559,0.057194698601961136,15.94730281829834
682,1.52486827573739e-05,0.24830728769302368,0.050747960805892944,15.018224716186523
683,5.5337295634672046e-06,0.1325531303882599,0.03643478453159332,12.707315444946289
684,4.7069017455214635e-05,0.4433760344982147,0.02918299287557602,11.354574203491211
685,9.815044177230448e-05,0.6687256693840027,0.026599915698170662,10.82626724243164
686,1.2281882845854852e-05,0.21368572115898132,0.026767918840050697,10.852689743041992
687,4.895249730907381e-06,0.12392264604568481,0.02986881695687771,11.468213081359863
688,4.043409717269242e-05,0.4131864905357361,0.028942599892616272,11.28787612915039
689,1.0174273484153673e-05,0.18555092811584473,0.025284945964813232,10.545912742614746
690,2.8561760700540617e-05,0.3581124246120453,0.02928176335990429,11.370606422424316
691,0.00010076418402604759,0.6697006821632385,0.01937776431441307,9.234161376953125
692,1.978257159862551e-06,0.06839122623205185,0.023415321484208107,10.174209594726562
693,1.8006761820288375e-05,0.2749440670013428,0.027463674545288086,11.032459259033203
694,3.7552064895862713e-05,0.41037383675575256,0.03136013448238373,11.794408798217773
695,3.400388959562406e-05,0.39077872037887573,0.03509005904197693,12.47564697265625
696,5.25757423019968e-05,0.4851149320602417,0.03451988846063614,12.364153861999512
697,2.024031346081756e-06,0.07271020114421844,0.038013990968465805,12.973898887634277
698,2.8423712592484662e-06,0.08723077178001404,0.03765413165092468,12.909022331237793
699,5.713623249903321e-05,0.5140082240104675,0.04192400351166725,13.631367683410645
700,0.00022781877487432212,1.021712303161621,0.043923746794462204,13.965347290039062
701,5.62563946004957e-06,0.12978610396385193,0.03277747333049774,12.059393882751465
702,4.774431363330223e-05,0.45025524497032166,0.026262983679771423,10.790218353271484
703,4.065538814757019e-05,0.4210897386074066,0.025332419201731682,10.597073554992676
704,0.00012259978393558413,0.7458987832069397,0.022941792383790016,10.075176239013672
705,2.9824234388797777e-06,0.09661396592855453,0.025334028527140617,10.58692741394043
706,8.906807124731131e-06,0.18865278363227844,0.023922959342598915,10.280267715454102
707,2.831244819390122e-05,0.355202853679657,0.022900966927409172,10.055076599121094
708,6.934143584658159e-06,0.14366395771503448,0.019480224698781967,9.266289710998535
709,7.657750393263996e-05,0.5636789202690125,0.01455556321889162,7.99785041809082
710,1.1329750122968107e-05,0.206488236784935,0.017741676419973373,8.850248336791992
711,3.832863149000332e-05,0.41164273023605347,0.016569092869758606,8.552302360534668
712,2.1762969481642358e-05,0.30408021807670593,0.016383161768317223,8.5034761428833
713,3.2823127185110934e-06,0.10148326307535172,0.019054671749472618,9.176864624023438
714,1.6617726714684977e-06,0.07034087926149368,0.021920237690210342,9.847207069396973
715,1.572349674461293e-06,0.06916875392198563,0.0250218715518713,10.525136947631836
716,2.524891215216485e-06,0.0891452506184578,0.028391705825924873,11.216711044311523
717,5.5299087762250565e-06,0.1407480388879776,0.026385687291622162,10.810227394104004
718,1.616883855604101e-05,0.2565857470035553,0.02780071832239628,11.10189151763916
719,1.1387132872187067e-06,0.05814727023243904,0.025985347107052803,10.733647346496582
720,1.1287984307273291e-05,0.199356809258461,0.021549103781580925,9.768817901611328
721,9.207861694449093e-06,0.19450901448726654,0.024784497916698456,10.484506607055664
722,1.1858871403092053e-05,0.20480039715766907,0.025606723502278328,10.659415245056152
723,7.944751814648043e-06,0.17991183698177338,0.02908923663198948,11.366446495056152
724,5.324943685991457e-06,0.14337819814682007,0.03263012692332268,12.041897773742676
725,1.5432267900905572e-05,0.25463196635246277,0.03345780447125435,12.194320678710938
726,1.2395262274367269e-05,0.21992821991443634,0.033304888755083084,12.165990829467773
727,4.094460564374458e-06,0.11127637326717377,0.020780958235263824,9.592700958251953
728,8.171910849341657e-06,0.16400063037872314,0.017121508717536926,8.70003890991211
729,4.537690529105021e-06,0.12701761722564697,0.020161379128694534,9.45127010345459
730,1.1386470760044176e-05,0.21083395183086395,0.01870802231132984,9.10414981842041
731,1.9566632545320317e-05,0.2808154225349426,0.01686701364815235,8.643726348876953
732,7.559508048871066e-06,0.15008263289928436,0.015358950011432171,8.247503280639648
733,6.7528044382925145e-06,0.16251006722450256,0.018498478457331657,9.05985164642334
734,5.23109883943107e-06,0.1378590315580368,0.019774936139583588,9.368008613586426
735,3.494054908514954e-05,0.39181843400001526,0.01909460313618183,9.19994068145752
736,3.733428911800729e-06,0.1054680123925209,0.01966768503189087,9.333864212036133
737,2.1120181372680236e-06,0.07979267090559006,0.022737715393304825,10.039477348327637
738,2.4340829440916423e-06,0.08740700781345367,0.026068145409226418,10.754987716674805
739,5.740981578128412e-06,0.14990973472595215,0.029722945764660835,11.491739273071289
740,6.742804998793872e-06,0.16704685986042023,0.03371720388531685,12.248514175415039
741,3.909057795681292e-06,0.11010586470365524,0.03322157263755798,12.162514686584473
742,2.2676315438729944e-06,0.08314194530248642,0.033474523574113846,12.213258743286133
743,2.1098439901834354e-06,0.07963065057992935,0.03290094435214996,12.11059856414795
744,1.8750059780359152e-06,0.07531777024269104,0.03229053318500519,11.998559951782227
745,5.867273102921899e-06,0.15181666612625122,0.03238711133599281,12.016020774841309
746,1.8016227159023401e-06,0.07440449297428131,0.036368388682603836,12.734625816345215
747,1.988755457205116e-06,0.07719067484140396,0.040557585656642914,13.449150085449219
748,1.8117797253580648e-06,0.0742255374789238,0.04495951533317566,14.161629676818848
749,5.713313839805778e-06,0.1425553858280182,0.03219122812151909,11.974419593811035
750,2.7844989745062776e-06,0.09695228189229965,0.033879004418849945,12.287078857421875
751,1.1749318218789995e-05,0.22102808952331543,0.03205466642975807,11.952435493469238
752,1.2051387784595136e-05,0.22573082149028778,0.0361655093729496,12.70004940032959
753,1.6754609532654285e-05,0.26140087842941284,0.037033457309007645,12.851156234741211
754,3.7018002331024036e-05,0.40040627121925354,0.03500636667013168,12.490665435791016
755,1.3288340596773196e-06,0.06251263618469238,0.03538834676146507,12.556685447692871
756,3.840170847979607e-06,0.11505810916423798,0.03907724842429161,13.19776439666748
757,2.0928055164404213e-05,0.2925679385662079,0.04044974222779274,13.43113899230957
758,4.486458237806801e-06,0.12531563639640808,0.04051103815436363,13.445572853088379
759,6.142153142718598e-05,0.5135252475738525,0.029056478291749954,11.385424613952637
760,1.1580526688703685e-06,0.059011880308389664,0.033222220838069916,12.1814603805542
761,3.3637043088674545e-06,0.10127485543489456,0.02874797396361828,11.330347061157227
762,3.2330801332136616e-05,0.38184505701065063,0.03250410407781601,12.04757022857666
763,5.460443389893044e-06,0.1390378475189209,0.030221501365303993,11.610477447509766
764,5.166079063201323e-05,0.4782595634460449,0.02827991358935833,11.222803115844727
765,6.165781542222248e-06,0.15473857522010803,0.03127856180071831,11.799378395080566
766,2.0098561890335986e-06,0.07874137163162231,0.029223129153251648,11.399749755859375
767,4.952248127665371e-05,0.4529293179512024,0.02260052226483822,10.01854133605957
768,2.7869537007063627e-05,0.3532494306564331,0.025928746908903122,10.742242813110352
769,1.6998859791783616e-05,0.2692352831363678,0.029683725908398628,11.505936622619629
770,8.178401003533509e-06,0.1743936836719513,0.030853042379021645,11.73815631866455
771,3.7922743558738148e-06,0.10934139043092728,0.03047506883740425,11.669892311096191
772,3.062624500671518e-06,0.09517896175384521,0.028542883694171906,11.293133735656738
773,3.268431100877933e-05,0.38583463430404663,0.02932700142264366,11.443007469177246
774,5.6797449360601604e-05,0.5044929385185242,0.030229290947318077,11.610424041748047
775,1.3310204849403817e-05,0.23798011243343353,0.033366501331329346,12.192296028137207
776,1.5849080227781087e-05,0.2635902762413025,0.03071308694779873,11.6907958984375
777,2.025774392677704e-06,0.07532297819852829,0.030494581907987595,11.648516654968262
778,1.5865542081883177e-05,0.2673063576221466,0.03424986079335213,12.352460861206055
779,1.6941501598921604e-05,0.27648571133613586,0.03843933343887329,13.096229553222656
780,8.016020728973672e-06,0.18580561876296997,0.04297251999378204,13.856945991516113
781,4.329801868152572e-06,0.1164134219288826,0.04434546083211899,14.082749366760254
782,4.076720415469026e-06,0.1285533905029297,0.04898146912455559,14.804455757141113
783,6.965899046917912e-06,0.15555350482463837,0.04824092611670494,14.691055297851562
784,1.5716670532128774e-05,0.2676941752433777,0.05253622308373451,15.328197479248047
785,0.003522801911458373,3.987563133239746,0.04586446285247803,14.29733657836914
786,0.0010110632283613086,2.0984747409820557,0.03345741331577301,12.17422103881836
787,0.0016316245310008526,2.747997283935547,0.03921259194612503,13.186920166015625
788,0.0023174849338829517,3.2694387435913086,0.03846891224384308,13.084253311157227
789,0.0013938286574557424,2.519732713699341,0.04310166835784912,13.888476371765137
790,0.00040563824586570263,1.3085514307022095,0.04386429861187935,14.038366317749023
791,0.0002379422658123076,1.0187286138534546,0.053739383816719055,15.543878555297852
792,0.0011659635929390788,2.327877998352051,0.058305829763412476,16.168350219726562
793,0.00031493796268478036,1.1797233819961548,0.055278342217206955,15.701098442077637
794,0.0003209162678103894,1.1993972063064575,0.04898039996623993,14.721946716308594
795,0.000800951209384948,1.8851650953292847,0.04706351086497307,14.368093490600586
796,0.000157253845827654,0.7726091742515564,0.037890806794166565,12.815147399902344
797,0.00013142309035174549,0.6702520847320557,0.03673143312335014,12.590286254882812
798,0.0003238165227230638,1.150448203086853,0.021828632801771164,9.619803428649902
799,0.0009005478932522237,2.0343565940856934,0.02462354488670826,10.283427238464355
800,0.000999056501314044,2.13234543800354,0.02542095072567463,10.505069732666016
801,9.527469228487462e-05,0.6283983588218689,0.02551485225558281,10.561506271362305
802,4.5529406634159386e-05,0.3346713185310364,0.028406411409378052,11.170994758605957
803,0.0005492010386660695,1.5717353820800781,0.03196923807263374,11.848334312438965
804,0.0002451406035106629,0.9910081624984741,0.027007868513464928,10.82946491241455
805,0.0011015388881787658,2.2474095821380615,0.021090876311063766,9.471301078796387
806,0.000263270630966872,1.0756665468215942,0.01988496445119381,9.121047973632812
807,2.4874314476619475e-05,0.2188304364681244,0.019115285947918892,8.884963989257812
808,0.00023897684877738357,1.00972580909729,0.009092013351619244,5.9128570556640625
809,0.00032303016632795334,1.1891052722930908,0.004536720924079418,3.991281509399414
810,0.0005510572227649391,1.5888127088546753,0.0062368460930883884,4.811298847198486
811,0.0003108167729806155,1.177785873413086,0.006079570390284061,4.794600963592529
812,3.074794585700147e-05,0.3259351849555969,0.008842452429234982,5.971617698669434
813,0.00038423604564741254,1.3274121284484863,0.006757349707186222,5.152772903442383
814,5.104863521410152e-05,0.4205932021141052,0.0039147790521383286,3.7763257026672363
815,4.1049832361750305e-05,0.3794214129447937,0.004415377974510193,4.043519020080566
816,3.7864127079956234e-05,0.32599589228630066,0.0029916928615421057,3.2339611053466797
817,0.0009466084302403033,2.0689244270324707,0.0008431049645878375,1.6020556688308716
818,1.4708503840665799e-05,0.16685575246810913,0.0008578804554417729,1.617894172668457
819,3.103227209066972e-05,0.2601918578147888,0.001191561808809638,1.948286533355713
820,3.3540211006766185e-05,0.2717049717903137,0.0010847746161743999,1.8495211601257324
821,0.00015249151329044253,0.7491811513900757,0.0014133659424260259,2.1383554935455322
822,0.0001357332366751507,0.7579841613769531,0.0012817345559597015,2.0269722938537598
823,1.7949656466953456e-05,0.23637790977954865,0.002703452715650201,3.1220414638519287
824,2.0104394934605807e-05,0.25973886251449585,0.0017752178246155381,2.4370248317718506
825,2.7881877031177282e-05,0.32961711287498474,0.001826344057917595,2.4790778160095215
826,0.0005912233609706163,1.5742210149765015,0.003185129724442959,3.446457862854004
827,4.318764331401326e-05,0.3810896873474121,0.0019327887566760182,2.5720345973968506
828,0.00011773739970522001,0.6381039023399353,0.0014914205530658364,2.2131705284118652
829,2.8580021535162814e-05,0.30557164549827576,0.006356006022542715,5.15384578704834
830,0.0006317987572401762,1.6869150400161743,0.005024396814405918,4.552100658416748
831,0.0006117941811680794,1.6428278684616089,0.007578481920063496,5.718042373657227
832,0.00019867996161337942,0.9080508947372437,0.00761371199041605,5.747162342071533
833,2.8633710826397873e-05,0.3147791922092438,0.019498204812407494,9.362517356872559
834,0.0001499113714089617,0.7904282808303833,0.0179841797798872,8.97855281829834
835,0.0007521557854488492,1.8557684421539307,0.0285712368786335,11.331270217895508
836,0.0005034608184359968,1.5033131837844849,0.025592489168047905,10.685726165771484
837,5.805582259199582e-05,0.4985666871070862,0.03224387392401695,11.980576515197754
838,1.9759419956244528e-05,0.23785969614982605,0.028385691344738007,11.215792655944824
839,4.4898755731992424e-05,0.4026845097541809,0.02519878000020981,10.558059692382812
840,0.0005426867865025997,1.5801230669021606,0.02127683162689209,9.713533401489258
841,0.000841184169985354,1.9651939868927002,0.023444151505827904,10.247113227844238
842,0.0002934380026999861,1.138122797012329,0.031725987792015076,11.978437423706055
843,3.0069108106545173e-05,0.3520832359790802,0.03155374526977539,11.971124649047852
844,6.832334474893287e-05,0.49346786737442017,0.03627779707312584,12.844829559326172
845,0.0003111311816610396,1.189732313156128,0.032694246619939804,12.178425788879395
846,0.00044757832074537873,1.4323296546936035,0.03029404953122139,11.691174507141113
847,0.0008754137088544667,1.992733359336853,0.026488207280635834,10.884740829467773
848,2.8952556021977216e-05,0.30722880363464355,0.03473410755395889,12.444787979125977
849,4.379586243885569e-05,0.3514763116836548,0.035853058099746704,12.631747245788574
850,0.00030174938729032874,1.1761667728424072,0.03796236589550972,13.016687393188477
851,0.0003502486797515303,1.2694891691207886,0.037709277123212814,13.009685516357422
852,3.236049087718129e-05,0.3297734260559082,0.038257308304309845,13.142662048339844
853,0.0001027644902933389,0.6775445938110352,0.035700637847185135,12.726825714111328
854,2.4301249140989967e-05,0.2933633029460907,0.03887833282351494,13.300098419189453
855,3.559396282071248e-05,0.30620068311691284,0.04637766629457474,14.526762008666992
856,8.912842895369977e-05,0.5967567563056946,0.046221815049648285,14.487168312072754
857,0.00017922569531947374,0.8982330560684204,0.03954523801803589,13.372668266296387
858,0.00012674667232204229,0.7526289820671082,0.032423458993434906,12.074821472167969
859,5.133290324010886e-05,0.47110775113105774,0.02834291197359562,11.2598237991333
860,1.4958932297304273e-05,0.17020590603351593,0.024705592542886734,10.495221138000488
861,9.375414811074734e-05,0.6374363303184509,0.023178700357675552,10.17051887512207
862,9.715992928249761e-05,0.6476541757583618,0.019170774146914482,9.262114524841309
863,1.5892826922936365e-05,0.21383634209632874,0.01815897412598133,9.036901473999023
864,9.157307067653164e-05,0.6409516334533691,0.01828157529234886,9.091620445251465
865,1.8971466488437727e-05,0.2759987413883209,0.015544417314231396,8.393001556396484
866,1.2064525435562246e-05,0.1383109837770462,0.017342079430818558,8.87256908416748
867,2.1876876417081803e-05,0.24208328127861023,0.017027972266077995,8.785110473632812
868,6.193521403474733e-05,0.5134416818618774,0.016836360096931458,8.720102310180664
869,6.036905324435793e-05,0.5093408823013306,0.014570935629308224,8.088495254516602
870,2.60304022958735e-05,0.33581453561782837,0.010588348843157291,6.863631248474121
871,7.56234157961444e-06,0.13457871973514557,0.007306824438273907,5.6683268547058105
872,1.4123705113888718e-05,0.1954461634159088,0.004812719766050577,4.564823150634766
873,1.076839635061333e-05,0.18056628108024597,0.005323846824467182,4.821755886077881
874,5.4766573157394305e-05,0.49095311760902405,0.0034942247439175844,3.8773880004882812
875,7.044980156933889e-05,0.5609387159347534,0.0033781847450882196,3.824838638305664
876,2.06891490961425e-05,0.30156680941581726,0.0022536010947078466,3.0818676948547363
877,6.097197183407843e-05,0.5188342332839966,0.003687850898131728,4.023418426513672
878,5.718820830225013e-06,0.09384754300117493,0.0022919154725968838,3.115847110748291
879,6.3925103859219234e-06,0.11752628535032272,0.0026710787788033485,3.384133815765381
880,5.835938736709068e-06,0.13300783932209015,0.003159663639962673,3.6977689266204834
881,6.6555912781041116e-06,0.1509976089000702,0.001810970134101808,2.7269880771636963
882,7.320067652472062e-06,0.14236785471439362,0.004641884472221136,4.516469478607178
883,6.682776074740104e-06,0.1605091243982315,0.002918063662946224,3.5398504734039307
884,4.911397263640538e-05,0.4502933621406555,0.0022152212914079428,3.0540904998779297
885,2.2056845409679227e-05,0.29232242703437805,0.0015513409161940217,2.511307716369629
886,9.250014045392163e-06,0.18081972002983093,0.0016776211559772491,2.631763458251953
887,1.5762418115627952e-05,0.23249077796936035,0.0023137666285037994,3.145176887512207
888,2.570382821431849e-05,0.31840062141418457,0.002668136265128851,3.3998050689697266
889,0.00010951505100820214,0.693901777267456,0.0015538408188149333,2.5394647121429443
890,6.688386929454282e-05,0.5304298996925354,0.0019375846022740006,2.872065544128418
891,2.1056686819065362e-05,0.2844030559062958,0.0012033171951770782,2.198549509048462
892,6.065406523703132e-06,0.13510359823703766,0.0014015687629580498,2.3970096111297607
893,2.973468872369267e-05,0.3428051471710205,0.0018005513120442629,2.755767345428467
894,9.266666165785864e-05,0.6422649025917053,0.0021001766435801983,2.9946084022521973
895,5.050038089393638e-05,0.46774372458457947,0.0009492019307799637,1.9117709398269653
896,0.00026784263900481164,1.0751303434371948,0.0030042959842830896,3.606245756149292
897,1.7236727217095904e-05,0.24432158470153809,0.001458343816921115,2.4396374225616455
898,8.641942258691415e-05,0.6185686588287354,0.0006262729875743389,1.4957220554351807
899,0.0001269632630283013,0.7501528859138489,0.0007219306426122785,1.6359068155288696
900,7.697188266320154e-05,0.5841774940490723,0.0011764040682464838,2.187917709350586
901,2.6744512069853954e-05,0.3302687108516693,0.0014854049077257514,2.4959616661071777
902,5.153952315595234e-06,0.12241718173027039,0.0009080268209800124,1.8759071826934814
903,2.4369279344682582e-05,0.3016089200973511,0.00046615477185696363,1.2475743293762207
904,5.55163060198538e-05,0.4894162118434906,0.0002314944431418553,0.8440918922424316
905,3.8785787182860076e-05,0.3976501524448395,0.00021861358254682273,0.8192474246025085
906,3.501505125313997e-05,0.3869805335998535,0.0005090447957627475,1.2699408531188965
907,6.071347161196172e-05,0.49239370226860046,0.0004416696901898831,1.2118339538574219
908,1.2134548342146445e-05,0.1958649605512619,0.0001740766310831532,0.7209790945053101
909,5.675578722730279e-05,0.4999367892742157,0.00019270357734058052,0.762986421585083
910,2.020547617576085e-05,0.25432562828063965,0.0002008079318329692,0.7825573086738586
911,7.687287870794535e-05,0.5811516642570496,0.0001947644486790523,0.7698111534118652
912,2.189807673858013e-05,0.3066575229167938,0.00023746669467072934,0.8626687526702881
913,4.453876954357838e-06,0.10438946634531021,0.00047823903150856495,1.23055899143219
914,1.2096563295926899e-05,0.19226746261119843,0.00030576231074519455,0.9759003520011902
915,1.1685960998875089e-05,0.18128766119480133,0.00040691185859031975,1.1212964057922363
916,5.257992597762495e-05,0.4840972423553467,0.0009308832813985646,1.794458031654358
917,3.8621557905571535e-05,0.41322946548461914,0.0018541766330599785,2.688431739807129
918,1.2971567230124492e-05,0.2382497936487198,0.0031826014164835215,3.62931489944458
919,4.292750418244395e-06,0.1006876677274704,0.0027856517117470503,3.38940691947937
920,1.7097927411668934e-05,0.25688353180885315,0.0042757135815918446,4.25212287902832
921,3.11246003548149e-05,0.36671769618988037,0.005925511941313744,5.030442237854004
922,3.703551919898018e-05,0.3953469395637512,0.006257164757698774,5.159152507781982
923,1.1282524610578548e-05,0.22100119292736053,0.00791105255484581,5.8123393058776855
924,3.723946065292694e-05,0.40454012155532837,0.007648771163076162,5.7073540687561035
925,3.4246409086335916e-06,0.07798543572425842,0.00969437975436449,6.4545979499816895
926,5.269465873425361e-06,0.11218490451574326,0.0085936663672328,6.074162483215332
927,1.2187801985419355e-05,0.20762993395328522,0.008281191810965538,5.970938682556152
928,2.14293163480761e-06,0.07657396048307419,0.010567928664386272,6.779018878936768
929,2.3704030809312826e-06,0.07616980373859406,0.01005465630441904,6.616497993469238
930,0.0005548514309339225,1.5597662925720215,0.002801010152325034,3.415682792663574
931,8.364082896150649e-05,0.6209684014320374,0.0036469395272433758,3.927795886993408
932,0.00016637746011838317,0.8729701638221741,0.003299245610833168,3.713831663131714
933,0.000147877712151967,0.8183093070983887,0.003792539006099105,3.9741854667663574
934,0.0002704232174437493,1.0929361581802368,0.0006139853503555059,1.4306519031524658
935,6.486042821052251e-06,0.13363240659236908,0.0007868573884479702,1.6341809034347534
936,8.888250886229798e-05,0.6399515271186829,0.0010972305899485946,1.975289225578308
937,0.0001342347386525944,0.7876081466674805,0.000943114107940346,1.8159434795379639
938,0.00016384101763833314,0.8673592209815979,0.001579203875735402,2.465744972229004
939,4.660629201680422e-05,0.4502110779285431,0.0002927645982708782,0.9598954319953918
940,4.045959940413013e-05,0.4020310044288635,0.000284571637166664,0.9516987800598145
941,0.0001375044957967475,0.7946861982345581,0.00038509053410962224,1.1251546144485474
942,6.752859917469323e-05,0.5452101230621338,0.0007895405869930983,1.6908634901046753
943,6.266393029363826e-05,0.529952883720398,0.0013360690791159868,2.2667229175567627
944,8.85614917933708e-06,0.18467038869857788,0.001101320143789053,2.0164077281951904
945,1.3222236702858936e-05,0.2195153683423996,0.00018445157911628485,0.7575289011001587
946,3.2459571229992434e-05,0.3400222063064575,0.0009801223641261458,2.0092363357543945
947,1.021100706566358e-05,0.1744510978460312,0.0008386503322981298,1.835867166519165
948,9.927696373779327e-05,0.669467568397522,0.003574859583750367,3.99792742729187
949,2.9551980333053507e-05,0.34280499815940857,0.002862274646759033,3.5523717403411865
950,6.400446000043303e-05,0.5098726153373718,0.011870813556015491,7.297213554382324
951,6.024088179401588e-06,0.12636718153953552,0.014537879265844822,8.06808853149414
952,7.37285299692303e-05,0.5701963305473328,0.03152963146567345,11.897077560424805
953,1.9111997971776873e-05,0.25198885798454285,0.026316778734326363,10.875245094299316
954,1.129121574194869e-05,0.1880740225315094,0.026555679738521576,10.936382293701172
955,8.541115676052868e-06,0.16830499470233917,0.025252265855669975,10.677656173706055
956,6.4974051383615006e-06,0.13562017679214478,0.023354582488536835,10.278587341308594
957,2.4770961317699403e-05,0.3160901963710785,0.03368031978607178,12.346222877502441
958,3.6038098187418655e-05,0.37936413288116455,0.0312667153775692,11.899662017822266
959,1.2409001101332251e-05,0.20469659566879272,0.02925715036690235,11.507758140563965
960,1.5683681340306066e-05,0.2308805286884308,0.036300815641880035,12.806242942810059
961,7.3753390097408555e-06,0.14989687502384186,0.033225350081920624,12.243917465209961
962,2.4680339265614748e-05,0.31935593485832214,0.02740318700671196,11.111332893371582
963,1.2201800018374342e-05,0.22292248904705048,0.02491820976138115,10.588743209838867
964,4.9067493819165975e-06,0.1303185075521469,0.024698780849575996,10.539261817932129
965,3.8129071526782354e-06,0.10241513699293137,0.019688570871949196,9.410788536071777
966,7.780575288052205e-06,0.1572401374578476,0.015422853641211987,8.333511352539062
967,1.815430550777819e-05,0.2680191099643707,0.0139846783131361,7.943092346191406
968,5.025873178965412e-06,0.12316213548183441,0.015093054622411728,8.2584228515625
969,1.0777647730719764e-05,0.18378488719463348,0.024194136261940002,10.456986427307129
970,2.371673508605454e-05,0.30250293016433716,0.025987960398197174,10.838213920593262
971,3.160730329909711e-06,0.09438809007406235,0.031160995364189148,11.863940238952637
972,3.5448811104288325e-06,0.1021939069032669,0.03150670602917671,11.925692558288574
973,6.302445854089456e-06,0.14043974876403809,0.026034578680992126,10.837409973144531
974,3.7541283290920546e-06,0.10996436327695847,0.02622298337519169,10.872031211853027
975,3.435812004681793e-06,0.10726423561573029,0.026976611465215683,11.023785591125488
976,1.288796374865342e-05,0.22699439525604248,0.024397267028689384,10.48458480834961
977,1.2760746358253527e-05,0.22395972907543182,0.03405766561627388,12.389846801757812
978,9.346123988507316e-06,0.18128007650375366,0.03167080506682396,11.950900077819824
979,1.7562895664013922e-05,0.26798248291015625,0.02601386234164238,10.832109451293945
980,3.6540470773616107e-06,0.10595536977052689,0.02743062563240528,11.121437072753906
981,1.5374223949038424e-05,0.24114812910556793,0.02644132636487484,10.91569709777832
982,1.4085723705647979e-05,0.2430655062198639,0.023712459951639175,10.336689949035645
983,1.4498987184197176e-06,0.06770006567239761,0.018962804228067398,9.244308471679688
984,2.6276825337845366e-06,0.08929844200611115,0.02324601635336876,10.236187934875488
985,2.180875981139252e-06,0.08347509801387787,0.018628591671586037,9.166278839111328
986,2.3950256945681758e-05,0.3096591830253601,0.02876502275466919,11.392300605773926
987,2.3612642507941928e-06,0.08307281881570816,0.02689463458955288,11.019055366516113
988,4.3602158257272094e-06,0.12386267632246017,0.027933944016695023,11.229142189025879
989,6.029081760061672e-06,0.1508510559797287,0.025806568562984467,10.79055404663086
990,3.8568109630432446e-06,0.11477109789848328,0.024300504475831985,10.466413497924805
991,7.836605618649628e-06,0.17652688920497894,0.01940922439098358,9.349414825439453
992,2.8868487333966186e-06,0.09909234941005707,0.01510178204625845,8.242904663085938
993,6.9830143729632255e-06,0.15491674840450287,0.015034429728984833,8.224305152893066
994,5.055255314800888e-06,0.1315687894821167,0.015281816944479942,8.29439640045166
995,2.3355314624495804e-06,0.09030172973871231,0.011739101260900497,7.27364444732666
996,6.530971404572483e-06,0.16068755090236664,0.011011170223355293,7.049617767333984
997,5.719307591789402e-05,0.48923763632774353,0.01965402439236641,9.4227876663208
998,3.0987386708147824e-05,0.35978949069976807,0.025130093097686768,10.653010368347168
999,7.543534138676478e-06,0.17104890942573547,0.02281797118484974,10.148435592651367
